500
0 7186 2337 4187 7428 6386 4128 1240 5485 8494
1 9798 1959 4988 5466 3100 9262 6381 7302 8168 8981 2066 6087 2767 3056 5738 8453 1332 3817 7521 2870 9903
2 478 1459 7182 5272 1609 4723 8650 3891 7649 6916 9892 6913 1710
3 6658 4512 9366 8813 1541 9534 7810 9866 8840 8686 6650
4 7459 5110 136 8117 1034 6389 8555 6996 4026 5746 3414 6964 2411 8042 4941 6487
5 732 8881 3731 108 7806 2001 8445 7048 9758 6588 2752 2892 2685 2074 1137 7755 2422 4893 3597 5767 3837 4356 5849 1560 8531 7459 3393 1396 450 9137 9709 475 6413 1305 5660 8188 4661 9735 6170 4170 5155 4890 3795 3377 910 6360 6376 8450 2603 9169 5005 7956 5826 7820 1510 5871 9083 6011 1665 374 7413 7883
6 8762 6418 6709 5 9592 4721 6035 6052 3451 117 376 4744 511
7 6447 858 8775 3093 7178 8503 7896 6630 2393 5802 1031 7204 1705 5795 3364 3352 5992 7318 6610 8570 9487 9325 9775 872 6409 9026 989 4948 1059 8309 2543 3427 9014 6336 6928 780 3877
8 9254 7881 2516 8172 7477 1264 1501 6226 8279 1607 7090 5402 1084 835 6636 7686 9036 6428 1058
9 6062 3707 2771 4004 2326 3958 5335 2787 5933 9313 8883 6369 610 4106 8598 2578 8856 6639 210 2190 2875 4607 1130 6495 5494 1414 4437 6978 9199
10 2868 641 6669 9992 9549 2661 3554 8051 9379 7596 3866 2802 5457 6324
11 8123 5035 6614 4330 2882 389 4145 3481 4028 3531 9443 1149
12 436 720 8225 9974 510 5610 7916 1415 8092
13 5271 517 3950 7909 7980 2965 1185 7563 8864 8659 6774 7787 7325 6485 7027 7893 9480 9362 8910
14 493 3202 9928 4579 4432 8720 6905 1683 6397 9682 4168 9381 8776
15 6267 53 8850 9241 9296 9734 2731 2037 2323 9200 5002 4589 4793 4742
16 8132 1427 9103 5968 3310 7825 2126 5954 5767
17 2243 1467 5048 9413 7870 9547 727 6181 3498
18 4192 4013 1980 439 6436 7299 8853 5125 3215 2992 7442 3348 4783 6095 7795 1429
19 9474 8469 6291 55 2987 7801 5127 4325 7687 8460 84
20 6694 4547 8374 3939 7875 7414 2950 8315 9576 5772 5043
21 4954 1212 5897 9711 3666 6952 133 4361 7556 6234 6283 1773 1423 8031 1835 8254 4057 2483 7239 6984 7 1979
22 9062 4904 3548 4050 9694 6557 9280 4457
23 6325 5535 442 936 2451 483 8208 3526 5132
24 3717 170 9543 2925 5957 1337 2152 8964 6456 3832 9285 8177 9070
25 7332 94 6316 3097 4838 3764 8086 2823 1792 5887
26 3872 4931 5947 4578 4849 3250 7347 5203 7927 7436 4520 7049
27 8290 4580 4210 5690 1218 4945 3797 6191 4537 8896 7971 1721 1924 8245 5045 4866 278 3278 9271 7431 7425 3819 8269 4340
28 2240 2962 2 79 9968 321 8994 5715 1668 3894 935 6613 7949 6938 9007 7762 7153 2288 2555 427 5962 3936 6258 3074 3982 8125 5412 979 8387 9533 6547 2643 6101 745 2121 2986 5762 6054 3877 7652 7880 7699 3012 4199 9244 9129 5748 7413 7883 5880 7438 2340 4326 6327 7709 4314 7296 4340 1534 4035 9075 8491 6827 4985 9199 1625 7240 1105 2327 1299 259 8134 3163 9301 6030 4020 1774 6584 9139 3758 5869 7732 5437 4352 5307 9842 1984 6134 8005 1979 3885 8043 3543 412 3836 4855 5848 7713 1343 8431 5064 9848 352 5507 1496 183 2666 9224 1429 3111 7285 8130 9903 4377 3830 5677 6538 9265 8716 8293 9270 447 6534 7429 3584 8711 2790 8722 7055 3521 8193 6021 3783 5219 6778 8812 6986 5862 1383 4728 8462 7736 6467 569 7575 4901 205 7120 3023 3586 8470 3144 3316 4176 4765 3032 450 4341 2615 1134 7852 1238 4664 3371 9453 2892 1042 1956 8212 9299 9834 420 3376 847 148 9013 4624 2904 6635 9930 8671 8284 4531 732 4909 8644 2630 1557 8069 838 9615 199 5340 6049 2704 1353 5326 9990 1125 6692 1670 7997 1752 1731 5341 9461 5445 6672 8406 8498 1454 6920 1289 4027 6458 2128 6296 5099 1871 7517 6082 6153 1763 9160 8495 3753 8910 2155 6170 238 7968 7001 925 4786 9404 6020 7 9197 780 3728 8140 1117 2264 9374 6482 4824 4527 4107 139 2013 6537 7133 4071 4180 2114 2437 116 8794 6404 5156 5322 8116 7088 7219 625 2052 5775 5097 9659 3077 5458 4311 6161 1476 8209 8830 9669 5386 7791 4539 7782 5643 4958 7864 7751 2685 6044 6014 4170 2175 4362 2858 5917 7456 1216 1552 300 1710 1601 135 7874 1058 6270 3379 9731 7049 9852 707 6611 7266 6465 1149 7545 6428 9178 719 9138 7179 9023 221 7992 3004 1524 8183 4457 7759 4801 6187 311 4134 6899 3050 9086
29 4304 6256 542 3286 908 5275 2324 3325 5113 8162 120 5969 3602
30 8048 2471 8007 213 9744 4149 7850 5699 210 5504
31 8018 434 1279 9249 8348 7915 9196 7804 8854 4919
32 5903 8197 9976 9869 7591 6628 8661 3857 7408 3293 9777 6376 3006
33 9032 271 8097 6460 2018 6133 9636 5259 9335 8738 4801 7597 8429 9858 8670 6464 3259 1223 3964
34 4625 7605 4917 7650 7826 3148 9300 5951 7224 1622 8668 1393 8183 7133
35 4648 7251 6212 7164 9698 2920 9783 8511 3437 2638 9462 3981
36 5491 4994 6309 2167 9403 724 8297 1787 6661 1540 374
37 7716 955 7372 4078 9327 9481 9141 3687 5637 2896 2194 4565 6573 8062
38 5985 5842 8680 331 778 1672 6824 8408 8447 8065 4907
39 4044 1815 36 1581 8597 8434 816 6823 5705 9933
40 666 81 8728 9352 7681 5658 1366 8133 813 1004 2591 945 4397 365 8198 7210 3267 1580 1132 3284 5099 3441 9124 199
41 523 7072 574 5794 5662 6251 7513 5523 8816 413 2615 5390 5122 9395 6070 843 2608 412 8040 8831 6326 3504 3164 5815 8973 6014 5857 695 6669 6102 7396 4567 7610 3905 1292 7335 1852 2972 8307 4824 2038 7007 6625 569 1238 4107 7902
42 3488 984 1490 5524 1655 9406 4332 8354 3671 8880
43 2188 8557 4363 2067 6312 8303 6561 7805 4106 6967
44 1055 5393 2602 2683 9610 7577 9388 5345 5115 2669 8601 5141 2858
45 2447 1207 5506 7816 1626 9532 1766 2777 776
46 3563 3397 5369 9306 3678 2179 8129 9845 5034 5890 235 7087 1851 9367
47 9914 8778 5130 20 6951 982 4052 9699
48 3036 2570 5358 8870 4584 2376 6414 3590 7127 5180 1139 7560 3285 9063 3054 9624 3355 1971 8308 5848
49 5972 3774 3660 4074 4259 8860 1754 4312 1577 9548 4011 9404
50 9578 4488 2575 1989 2560 6091 4472 9282 9666 1071
51 2215 8890 6248 5388 408 3021 8103 7307 3523 5647 9090 1287 8539
52 9183 9079 1109 3075 4181 5778 9237 351 4823 7629
53 5176 7865 9028 9650 6145 5595 492 2031 3398 8414
54 2530 1225 5530 1038 5328 7840 8957 8879 5365
55 8144 4796 9678 9067 9679 1632 2157 3676 415 9646 7193 7001
56 9990 8105 105 397 9374 7659 3047 4959 2651 4401 8931 7216 3106 7485 9496 7740 2113 6748 1058 6061 9800 4402 1365 7856 6071 1761 7280 1512 9555 3567 9666 930 9351 5446 1081 6889 5702 4504 5788 6790 6470 4418 3005 2444 3203 9025 7932 3547 4636 2565 6734 5993 9107 4527 9244
57 7543 9537 2957 5360 5915 5398 3059 2648 364
58 7671 6275 6294 4115 5265 8731 810 2501 7064 469 1289
59 2734 831 1005 7727 7440 7148 4001 9962 7410 8185
60 5282 8906 3445 2359 5013 1595 9110 2065 8008 4886
61 7174 9526 1813 9212 7022 393 9342 3264 2283 6588 8690 2533
62 8346 7835 3296 4319 3490 3053 8327 2807 6019 7225 2902 1050 6099
63 8953 5689 577 5538 7043 9386 7226 8476 3920 1087 4843 46
64 7231 3854 2984 8128 9587 1283 7963 6405 1800 719
65 3613 6276 563 8449 8216 3335 2659 2430 3434 1504 3675
66 7921 773 497 5040 3060 7590 1314 4147 2059 2231 5906 1048 9580 5053 8722
67 6367 2760 5751 6168 4218 7095 548 4133 8036 5044 5206 3050 715 2289 2844 6332 9029 4967
68 6076 2529 9906 7338 9491 5296 260 223 791 5478 4883 4396 5003
69 3151 1400 2171 3210 1675 1958 6154 2973 2562 7006 3087 7777 4571 3129 3842 5860 5341
70 1119 7042 6935 3845 2060 4935 9628 3913 3169 3525 9372 1339 2534
71 2863 3812 3766 8455 272 4977 7177 5801 7131 7977 5014 4264 7536 6921 1569 4766 4156 1611 2298 8554 873 9233 9917 4539 4134 3885 7413
72 2262 9176 6659 5241 4551 4816 3579 5399 9675 6940 8025 3035 5248
73 2788 2286 7500 4837 9163 4836 6205 1067 3506 1481 6728 4391 6506
74 2445 5631 4763 8701 2222 9611 206 2124 3573 6203 6799
75 3944 8841 2732 6817 1287 2867 7950 6949 4341 8043 3236 9404 1822 9290 7694 1167 6671 7050 1950 5014 2485 9004 6095 3111 6332 6331 7126 865 5043 6895 7709 9607 4507 937 1734 6739 8342 1479 6538 8049 6292 9654 8325 5580 7641 8386 6630 9640 8722 1248 5141 1496 3408 5462 896 2978 5810 4728 5643 6074 8618 2774 6611 7733 1348 4108 8174 1505 755 9086 2962 3936
76 3926 366 4002 609 5430 9005 3120 9116 1859 670 1247 1615 4253 5950 8252 6193 4633 2302 2433 2966 4269
77 5288 7922 6028 8017 9795 2900 6903 527 1140 6699 1642 5457 1336 8418 6134 6063 8832 2617 7304 8644 9132 3261 6236 254 7392 5383 7314 6785 8146 6980 6301 3023 9632 7602 8233 4783 2876 7254 4070 9480 5033 5948 6385 8210 5639 9191 3936 6387 5895 5326 2412 300 9777 3723 5386 8716 1043 4214 8690 3190 8994
78 1236 453 8752 9557 1908 3810 1061 4999 9450 3680 9470 4558
79 5053 5270 6744 9259 3505 1711 6945 2264 9806 6502 4843 3020 2927 8651 1319 8900 9273 332 6153 6681 7669 2739 4286 798 9604 5909 9283 2057 2846 9478 4302 2409 1181 4378 8189 8904 456 9470 7423 6554 5961 5604 6343 8634 5254 4628 199 3521 3371 7438
80 1435 7166 2922 9468 8050 9225 3082 2148 977 2383 2019
81 6941 883 1860 8340 8092 7708 1619 5218 2879 8319 4925 3256 6640 8708 9551 6918 5060 6954 804 4216 3840 3304 1625 745
82 4367 4053 7472 662 5547 5817 9921 4289 1805 2808 4735 4710 9872 4778 9495 4402 6170 1343
83 1272 7426 5280 9953 4903 4575 1722 7110 1147 958 4029 8465 4173 2540 8095 4222 220 9940
84 455 1044 2746 3222 3386 4546 7261 9943 9357 5257 6218 699 5659 7820 5063 2305 2939 9255 949 1112 283 9091 4798 2322 8812
85 7443 9664 9104 2852 4792 7654 3385 2803 5266 6819 6945 7710
86 9944 988 1914 1723 2754 5781 5273 106 3600 6712
87 2496 257 9047 8361 2304 4916 7939 9716 9582 7356 8170 2518 7474 4224 2885 3932 3494 2401 8789 7154 6622 3507 867 6054
88 312 6730 8914 7362 996 6901 2779 191 8531 6748 1353
89 4953 9422 931 1298 6852 5157 404 9818 2092 6739 6903 6687
90 1060 5703 4226 8714 410 3381 3562 5651 3956 5108 7632 287 1884 3331 4963 4984 2064 9483
91 8243 8452 9676 6973 4878 5696 9348 4635 1696 4271 5623 4680 8604 2071 6674 9096 3999 3967 5758 8794 9160
92 7831 6173 3166 2438 309 2252 165 1994 9825 6565 3529 9833 5997 3528
93 9807 3298 8277 9857 7828 4334 4557 9144 1808 7682 6177 665 8352 2422
94 839 5830 9687 5924 5537 1403 1304 8173 5895 5752
95 5856 3943 7808 9835 3132 2429 7901 1261 9850 6333 3195 8423 9733
96 8620 2997 7132 2511 3011 2916 3887 5822 9025 4913 5966
97 1934 3537 6773 1267 7775 8456 4249 5442 487 8516 6519 7463 5268 8580 2266 3178 8358 3876 9803 9874 9075
98 1280 1861 4194 7576 4523 1018 772 3583 9593 5288 2932
99 6834 4741 553 6685 8736 7991 1892 1586 6993 4411 4975 1441 7950 2546 4514 3391 5304
100 7416 6488 1128 5094 7327 2296 4360 1846 1728
101 634 4161 6886 5561 2024 9705 7784 9512 7610
102 4548 9083 7205 9015 7885 243 7739 5355 8478 8386 7719 4295 3804 8842 9746 167 122 7968
103 4986 8190 2204 8490 5873 2605 8159 4662 5858 4762 1963 5710 9219
104 3538 4819 626 3813 3415 2782 7547 8416 7077 7675 2998 2621 3522 8985
105 6534 8235 1763 3232 3961 5003 7759 3584 325 3377 4234 8512 4350 4345 4561 7586 6351 7992 5964 3304 8140 8053 518 3703 7569 7864 2304 3371 250 3561 8092 9347 2264 2650 3053 813 2595 2100 5547 4886 9199 6631 7933 9464 5656 7742 776 5304 1066 4093 6020 6967 782 2673 3842 673 6676 4626 545 9848 2538 3251 2491 6424 780 4988 8104 1542 4828 6698 4957 7379 3926 8711 4884 3207 3665 1139 8896 2979 3104 3752 1555 4423 8858 574 6855 1790 9023 4199
106 543 4519 2726 3033 6395 1700 9445 6250 3022 3135
107 8533 4958 3227 6512 9846 3254 6222 8862 8891 5482 9904 7965 829 5459 6166 8074 7169 2017 5088 3946 6623 354 1523 7285 2480 2943
108 114 2819 3995 6396 2582 2490 5173 4246 2698 3630
109 6137 9930 7180 9993 3981 3823 4606 2184 9293 6765 9947 6650 8713 7833 8987 9027 8169 5277 9965 2404 3937 3841 8078 3303 1153 56 2554 2577 9031 2693 2810 7698 4011 691 3081 454 6073 1607 4294 6099 207 2932 3405 8733 3073 4269 7321 269 6464 4104 857 1956 7163 5445 5748
110 9284 7032 3038 2809 3026 2566 3323 9179 8000 1446 3172 850
111 774 7320 7861 5848 2662 2028 7615 3102 6281 8908 3316 1557 5500 675 437 9836 1206 9580 3379 2652 5365 7553 376 9908 5548 660 5387 110 2203 917 4176 638 9988 4056 7057 8176 9989 4965 538 5546 1833 6833 9646 9010 6469 6592 9940 670 1050 8375 9586 3728 1780 2736 8406 3894
112 6465 219 7720 6762 1273 5416 9185 2342 1918 7293 8140 1929 1219 2265 6869 4063 9409 7333 1137 7336 102 3553 3314 4486 5178 7630 7136 1869 714 6526 6161 6547
113 8534 6654 4290 6700 5882 3759 4469 5121 9354 6067
114 9191 326 2860 8515 6647 8022 1361 7310 504 526 9102 5331 926 8445 5451 6672
115 1631 3638 4733 1745 8968 4087 2290 9188 5721 5155 5584 9369 2391 2468 3343 300
116 1853 6489 1890 1270 1828 2508 4609 2220 9046 2970
117 3760 3143 5918 2379 2208 5874 1012 6786
118 3416 519 8295 9341 1315 2384 2117 8966 7405 881 600 6541 163 7815 1118 1646 7979 1401 6611
119 8810 5724 5145 6738 6042 6736 281 4254 7948 2929 8712 7034 1150 7337 1373 9368 1179 4293 1277
120 265 7758 7134 9562 6239 8355 1113 5381 342 939 4628 1145
121 2301 2434 8655 6742 3027 4219 1422 6821 5421 1181 9743 3790
122 6460 7183 1276 4036 6970 8686 5607 7912 6750 9206 4923 2537 7410 2125 5019 9463 2598 3048 3262 3432 2740 7056 238 4069 8663 2698 7664 8251 6802 7598 6022 4086 1889 6201 7064 8693 4520 5674 8423
123 3012 9007 1299 321 3074 6101 3894 9533 2555 7120 79 4326 9848 450 7883 4314 4340 259 7438 8105 5446 8994 9040 5072 9834 7997 6778 7267 952 8005 8387 369 9931 5902 8883 4501 4311 5899 1546 3914 2136 4151 6281 761 7517 625 1125 4619 3376 7105 7575 8487 8470 2346 8958 8125 5219 457 8062 3395 3827 9713 8068 6967 1750 1358 5340 2857 2699 5401 7795 583 2875 9129 9979 1657 7355 5885 4787 6608 3432 6216 712 8227 7899 8922 9301 9444 3089 1670 1560 3541 4660 4923 2327 2013 7874 3023 2904 5445 949 2005 3533 3468 5295 4909 2870 4928 9955 6141 7481 2898 200 991 4760 5248 7439 7710 9107 3869 3950 9215 148 5504 6737 468 8609 4079 6672 9260 9219 745 7652 1956 6060 8580 2670 2892 4967 4004 3320 8600 4527 9032 7044 6447 8599 4034 7162 7429 1984 9968 2240
124 38 1999 3452 7122 3350 5419 8725 1275 1090 9806
125 8587 45 6504 8702 5081 978 1634 1421 6357 4841 6772
126 6859 1439 2382 6863 5502 5755 1579 4951 2696 3539 738 4178 5531 2910 4622 8748 9315 7938 2783 9791 7040 4879 5085 6798 7038 4834 2413 7751 1831
127 8464 4493 1368 7582 9412 2550 5893 7482 6975 9383 6192 2210 1238
128 6516 6618 3110 9087 4813 6303 9876 3157 345 7143 8677 2611 8286 8977 1097 9786 5379 782 4786 3320 7992
129 8091 8625 7583 1222 7269 3440 932 5073 7542
130 4475 1477 8214 7501 3428 1017 8858 4549 4564 3141 1129 1127 6981 7562 3232
131 8718 359 6253 9266 9500 3137 7352 19 7651 5111
132 5593 6150 8084 6223 7691 7499 1865 9710 8744 7633 1746 4960 6393 1780 9299
133 8052 5097 6051 8071 7553 7291 7747 5679 6459 8473 4102 2982 1463 4179 521 2580 150 3165 1784 5880
134 3739 9841 2138 5936 6500 1724 2999 7312 7232 7609 7204 9086
135 5877 6233 9584 4482 3373 3501 9459 3986 9319 4220 2608 6001
136 2196 7311 1954 6746 6481 9420 4097 5167 9345
137 8481 4654 140 2815 5031 1695 2120 2527 1587 512 1263 8519 9260 9834
138 3467 6665 3542 201 3435 5372 2941 5999 6785
139 2952 3735 9037 4121 1347 3918 581 3635 1663 7206
140 2848 2459 3628 7917 4303 6031 4450 4484 8532 5948
141 5267 6882 8950 2457 2162 3796 2955 1210 762 1167
142 2884 5670 5567 2798 7160 8766 726 6560 4213 9994 4714 6089 2116 1567 159 417 5894 7845 925
143 5300 5293 4382 2353 5708 5743 3003 4126 6582 5027 4379 9186 2389 476
144 9530 3858 9245 2406 3446 1564 2614 6667 5347 3071 6855
145 2960 4169 2237 4364 8440 1162 3273 147 3623 6908 1693 9654 7280
146 2213 9673 7298 5463 3534 4597 3245 2825
147 465 8807 1644 8980 5655 3015 8486 8029 349 5730 5855 6103 5912 5342 7970 3910 654 9692 7737 5834 3965 5788
148 9731 7221 9843 7434 1931 8428 7447 4844 2653 5907 4497 6551 1610 1905 8888 1657 3727 9865 944 9376 2010 4439 3345 8935 5348 2512 2856 6963 4060 1121 259
149 7722 7246 566 2338 4605 2715 1443 9434 2623
150 5351 3580 5162 304 5865 2697 5660 9384 9066 297 8969 5541 5295 815 8263 9120 9600
151 6237 5169 2007 3862 1576 3621 5134 2233 2908 9097 9247 325
152 6695 7572 2055 4347 1363 7473 9174 9758 9538 3429 108 514 400 4369 9324 4831 9235 5497 3380 8235
153 8298 983 2197 7854 8180 2421 1536 5928 1395 8367 32 888 6326
154 5857 5236 4767 4200 2835 5769 8521 4615
155 2933 3086 2449 8530 9964 592 6313 969 4077 1957 4807 9034 6888 5264 862 7874 2685
156 4965 9424 6884 3482 4144 128 9884 2399 3105 4812 1294 3326 374
157 8623 8547 3733 5204 7479 1355 190 2684 8382 3895 2109
158 7351 8770 2462 7961 8998 1282 9498 6861 2392 8696 1330 606 8723 7155 3174 4574 2745 2781 5386 2192 4223 9751 5526 601 6880 205 84 9677
159 5263 2494 9310 871 525 2469 9112 7954 6259 875
160 6765 4596 3349 9292 4739 9749 2729 921 4299 4462 7855 7780 83 1183 2416 503 7786 6302 367 6412 771 7162 4079 6230 3509
161 4160 7585 5986 728 8202 904 3742 914 2481 1782 9984 7281 7323 937
162 9011 6339 6958 8194 6152 9596 8621 6295 5339
163 9804 2612 8652 6865 8967 3634 8114 5251 1608 9991 4281 8784 451 3255 1356 4162 1533 642 8077 541
164 4505 1574 5787 7806 1809 5735 3897 178 6617 4983 6656 9606 4389 4832 7054 8067 3058 6554 8830 3103
165 4898 2682 3998 7663 6795 1426 2186 9659 6881 380 4577 8163 3776 6942 4556 2412 7933 2175 4624
166 6756 4978 3091 179 659 198 6378 8288 6889
167 1472 8572 8688 1941 6838 1209 622 3802 2712 4828 1953 2062 61 6427 3821 5839 7185 6680 1205 8122 1169 2768 7026 6196 447
168 9986 6401 1661 5161 2263 1942 4583 4693 2906 7108 8151 6718 3263 7889 861 1776 1794 157 755 7314 2155
169 5785 7822 4171 2690 4995 9391 3670 5230 5294 1192 9605 9787 4100 2990 3184 616 5373 2344 9065 9236 8729 4888 6476 3425 2182 6187
170 8241 2816 4153 6890 2881 9027 7614 735 8924 2254 1934
171 667 3806 4464 2524 1233 1694 6990 5564 1064 4774 7765 7331 8699 9861 2345 9299
172 717 2800 3693 3841 5133 5960 6910 6345 6585
173 2994 6752 8260 3066 3762 4905 1992 8113 2551 7086 6490 2818 9667 3134 211 6195 5716 7919 8345 3914
174 3418 23 2418 8821 2918 9730 7836 6200 1803 1123 4784 4362
175 2123 6727 513 7509 9816 1265 1749 6962 4337 3575 3305 3726 2873 1917 6214 7350 1142 7373 1566 9311 4691 8306 8684 7673 952 9316 5980 9377 1083 3989 9265 3830
176 8811 580 809 2770 5226 229 2889 9232 8976 2193 76
177 462 3941 3655 2314 9778 2869 2368 8867 5739 2718 5704 1560
178 5374 2420 5556 2522 9759 5346 9113 5017 5050 2285 2028 4230
179 7561 6595 878 637 5078 8296 8093 5101 5554 8676 5153 4926 9114 1066 4056
180 7012 3675 8167 3541 838 687 8267 6415 7744 3453 802 759 6770 7123 9576 730 4749 7349 4180 2607 6046 3491 6836 4348 132 6423 5520 1628 6913 7842 5509 6786 2970 3146 1157 2600 7788 5253 6188 9548 1465 9903 7752 9425 6324 1858 7138 1871 6044 4901 3758 6613
181 8389 5187 4272 9318 3904 1424 1717 7636 9591 269 7085 8526 7419 6503 5775
182 6261 7078 6499 9522 1741 1176 8287 3229 6262 4203 286 7243 2842 2866 141 1916 8894 8990 9256 2058 5069 420 3843 8223 6544 6320 8925 6437 8414 847 5589 7202 9885 8614 1252 6635
183 3820 4068 9649 8605 3653 1581 2465 8060 6810 2256 3545 2676 9697 5286 4627 8920 776 5996 683 1846 1850 9593 1737 7570 971 7457 6677 7069 3465 9621 6178 5783 3128 756 6400 9955 7749 7949
184 2531 4990 7890 7839 2103 6688 6094 8999 9812 1598 6454 3395
185 8488 953 6123 1930 1369 1381 4875 3510 7770 916 6086 8021 5628 3394 246
186 5796 3115 8951 4708 4010 6780 1168 3279 4174 7418 1293 2349
187 8803 5913 2505 6627 9253 3699 7409 6651 1521 3497 5061 7834 5904 2088 8230 7041 7537 8800 1855 1471
188 3632 6811 1946 6929 5426 8962 1993 2503 7038 1546
189 1371 4781 1144 6299 6162 423 8845 9844 7101 2732
190 5215 6900 9618 7207 9566 1230 6115 4453 1197 1003 2246 4415 5572 3756 5810
191 7943 5008 8020 7076 1935 7904 4344 6242 5650 6750 5821
192 7627 3846 7321 7983 9823 9519 9161 6902 5428 5939 9993
193 1308 9492 4668 8432 3339 226 4665 5864 2387 3207 6020
194 5490 5854 9902 5158 694 7944 9601 7010 7483
195 6577 2804 9484 6574 8402 3572 360 7533 1943 830 8599
196 7061 7495 9331 3271 3370 9765 6775 7544 4770 5546 1552 221
197 1092 5200 3122 5569 4802 214 2141 522 2093 3732 5920 1715 3243 8841
198 8930 8912 5443 3226 9281 8218 3463 3007 8579 1779 5030 3 8506 6296 5247 3801 405 5668 955 3275 1242 9380 8528 6053 2897 3238 5245 3493 372 4684 232 5698 139 1175 9144 176 3049 5429 1345 2699 4531 9444
199 9558 9416 1697 8242 2101 5260 559 1413 2160 8889 6213 5581 2218 2988 5557 5086 8069
200 7524 2599 9977 7666 2453 6959 9686 4386 1453 7294 4517 6771
201 6348 2495 5370 1473 7096 8768 5814 5432 4434 2270 9829 7454
202 5371 8689 4594 9018 1778 3966 7565 4734 9735 405
203 7241 2269 26 1237 9771 2333 8758 2680 4175 4278 4991 4350
204 5188 9918 2569 6143 744 767 987 4343 2865 1546 7116 6406 898 652 9722 2005 3631 9499 8282 6698 3159 7851 1310 1585 6891 5676 1145 1154 5964
205 6286 696 3423 3659 8796 17 5327 1035 523
206 454 388 4051 3508 2135 751 1039 4534 411 9942 3291 8275 6131 8662 2339 7517
207 5343 1789 985 5131 9657 9638 3736 8592 353 343 5632 4702 6992 6843 1016 5836 2662
208 5566 4277 4065 9871 7975 6587 8586 4612 6323 9719 468 8019 1204 3588 5105 2070 9740 6417 8087 9109 5172 255 1449 7759 5239 647 8134
209 8942 4979 6987 8654 7931 5859 239 1759 8370 8257
210 9323 9583 964 2597 8442 8427 1032 1290 915 4095 3700 8685 8333 956 3312 190 5406 126 874 2319 355 6473 5109 7055
211 4976 486 2026 6426 4339 7382 6515 5683 2676 7568 7
212 708 285 6479 8782 6330 4372 8313 7772 6408 8658 6321 6860 8294 4811 6184 7728 1651 9094 9712 5861 4054 5193 425 7864
213 4982 1196 9827 8595 7202 9937 6227 7505 1091 2898
214 613 7141 3154 4788 244 6163 82 225 2624 9878 4727 9721 7029 2544 3683 836 3375 4420 8484 6673 7616 7355 7219 3073 9138 9453 8832
215 357 9660 658 7660 241 2460 3626 7776 9436 9187 8251 8235
216 8941 7104 2245 657 6344 4082 2769 2645 3805 9211
217 9559 7028 3847 8474 4613 6741 5607 2576 3322 7324 5449 1562 1042
218 2996 7974 9 2935 5074 6531 2725 8788 817 9353 683 8733
219 1180 1190 6410 8142 1582 8781 1376 2195 8443 7788 6895
220 2938 8090 2014 6434 2647 1822 2828 9040 7790 8989 8300 3781 2917 5519 5867 2679 4150 4610 5719 796 4342 5982 1757 6683 4939 9115 2489 2983 5156
221 9238 4623 1597 2610 4323 826 8631 8819 9506 9248
222 6710 2579 3130 7368 6463 6804 8828 5255 4646 2030
223 8285 9975 5305 1437 4678 2563 7181 5745 3048 8512
224 1116 5237 5366 1357 7091 1053 6620 768 8196
225 7638 1349 52 4089 7914 1662 5528 9038 5698 2407
226 1613 2247 7998 2275 307 4444 3088 4238 9385 5700 7105 6840 6566 2764 3454 2735 3111 8377 8838 3557 1798 9330 6257 145 3476 6377 8671 946 6853
227 712 752 1255 39 9359 8403 9149 4034 5678 8837 9528 8538 1793 4092 8304 1781 3871 9741 4928 3099 6029 6982 8512 2904
228 9291 4489 4592 1215 4209 8660 8351 5827 9466 5734 698
229 7972 2499 5682 7922 480 1955 6122 2827 5119 8505 4757 5201 4743 2177 6875 9467 4626
230 5283 9125 8152 8617 1617 5011 2207 9119 4096 9947 4679
231 9826 6368 1406 2078 4445 1698 818 9155 721 3281 8227
232 8003 4533 5435 2874 4368 2500 6966 702 797 2761 6296
233 4419 6781 8643 2493 1823 8645 8740 2521 3303
234 2799 6104 2105 9392 631 9153 6521 7093 8265 9708 301 9408 6400 5921
235 2510 4496 4024 67 5891 7292 60 2629 8678 5508 802
236 7867 6522 7642 653 5299 6708 1070 3516 673
237 6831 7903 3777 2903 2635 5522 4588 5338 4835 319 43 2847
238 5190 6564 73 9151 308 1002 8266 4638 8902 7097
239 6211 9457 7157 1468 6716 5790 7187 6832 3500 5896
240 5501 4416 5192 6594 2202 3149 3715 554 1040 2797 9997 1452 603 9055 5278 5468 72 2639 8524 6604 552 4385
241 8179 8425 2542 5800 4946 3555 4572 1026 3270 7092 5318 9920 1019 5863 1841 6539 8754 5126 6619 6189 2704
242 5250 8110 9039 1037 612 591 432 7031 440 2166 8176 1176 7669
243 4745 604 621 6715 5766 356 3771 1602 65 7478 7270 7254
244 1767 7215 9775 8543 4689 236 7366 644 4480 9418 6732 5726 7641
245 4779 2716 3838 8178 9889 3235 2258 7330 4536 9979
246 1654 2272 6725 9217 3550 1244 1691 5209 1250 9811
247 4750 5908 4191 2226 1565 6125 9421 7873 2118 5824 5553 5849 7713
248 3691 8898 7767 8329 7753 7550 203 860 2049 3585 4731 851 9732 5009 7200
249 2047 6800 7389 1226 9101 3662 8734 2369 2096 8102 6358 5560 8672
250 5686 7100 4483 3018 2394 7437 9375 9700 7304
251 279 2958 8227 1454 3354 1562 1898 2146 9337 5400 5104 8081 7233 4045 7068 4692 1583 8220 3006 4313 8814 2239 5981 8027 7568 3241 3343 8248 9829 7165 8217 1702 9008 7365 4528 9892 9043 340 5737 6001 639 5710 9521 8947 9723 7101 6101
252 2223 9523 2692 5329 8231 770 3909 7199 7829 3596 3839 9080 6701 6653 5401 6675 9831 9515 4972 7807 2209 3121 9317 394 9745 1117
253 4851 2097 6862 2248 5183 7444 9275 4686 4882 779 1667 4211 2100 3784 7511 6049
254 8390 9544 6478 4858 3167 928 4040 4672 7383 4737 7781 624 1307 3901 7688 7615
255 7534 924 4276 799 4443 5007 1202 8717 5470
256 4559 5956 3565 3620 4604 9832 4099 6977 6002 8310 169 3064 1145
257 9761 2590 1952 7930 4474 4127 8594 2890 7672 3990 9535 1451 1962 557
258 5028 4791 2061 6164 6480 5077 6711 1821 630 9603 3425 8307
259 3431 1879 7407 6157 3288 725 3457 9202 6224 5415 1772 6251 3905
260 3017 2867 6219 6119 9781 2842 195 3775 9527 7846 5517 247 3690 6871 3513
261 7844 6558 3737 1637 9529 1065 3127 2440 5673 9881 9795
262 3360 8466 567 193 7395 2701 6221 4808 2199 9867 4375 4989 395
263 5715 935 79 321 2240 7652 1668 9545 2962 3012 2555 9244 4901 569 9007 7153 5412 2288 3830 7949 7296 352 3936 9842 7699 6327 6613 3074 7240 2643 7883 979 4855 8406 6547 9930 7762 3144 2422 8134 1121 2340 1774 7438 3103 1134 7413 2986 5340 6470 1534 374 8431 8387 8711 4985 2155 3758 650 3521 5788 6482 7012 5748 183 8644 843 84 2414 4679 5248 9688 4129 2480 3877 5880 3106 9453 1625 1979 8722 6141 8618 6545 2182 9483 647 4352 552 3602 1784 6938 7736 3113 2349 9443 8396 6584 4314 8832 76 5445 5917 1256 876 1984 2407 3261 7669 4020 2439 9573 2058 1145 1524 5869 1571 7234 412 9043 3792 3146 2662 1252 3964 5053 2426 8907 7709 9848 4909 6054 7193 4035 8841 9197 476 8910 6030 9013 6712 427 5448 6044 7806 4558 6978 523 8343 3158 6258 5783 8663 6692 511 5752 3700 753 7204 2983 1647 2611 9533 8293 541 148 5038 1117 2192 7120 7845 3043 4060 105 6021 7474 1348 9565 1375 7732 9114 2413 2003 8528 5307 9139 8248 7902 6458 3006 4400 3513 1238 4286 4399 9008 2943 3376 9160 6538 8920 4222 3427 6635 6306 2533 1383 4340 1401 6360 3981 5339 2537 4526 9349 1083 3285 6744 246 8484 7630 7219 2518 208 9265 7429 8005 3543 2
264 6753 7217 5803 4590 2225 3083 1146 491 3041 56
265 6578 9302 4300 6175 3748 9268 6896 3495 66 9056 5838 8562 3831 8049 4468 2164 13 2946 6484 6915 7439 2486 8844
266 4328 1516 8088 9714 6514 4357 5749 8291 9589 1164 4539
267 4706 9702 8979 348 1648 6349 4135 3489 6829 9043
268 2541 1455 2717 7506 8228 8897 947 7714 449 3539 6374
269 1904 2149 5902 1301 3233 6388 7754 8224 7569 6486 5182 5693 3114 4455 5164 6060 441 7400 8523 2127 8203 2577 2407 2013
270 2574 4892 6655 1074 8066 7255 4189 2989 7995 6920
271 3403 276 4974 329 3637 6421 9261 9451 4645 793 1796 2232 1845 1436 8552 2898 4282 2189 7191 3113 2147 5316 960 6696 9085 5773 6260 6057 4066 6953 200
272 5245 6576 7079 1873 7626 9438 4266 9939 9954 6269 9303 7668 7487 7894 2150
273 4653 2443 5667 8703 4172 9766 466 9524 738 1791
274 1432 2937 2626 8141 149 9401 7516 5276 9819 9463 7433 2001
275 8247 8514 1317 474 5350 2728 7490 6897 854 1864 9398 7680 9821
276 1397 6933 6010 7884 4950 9753 1 4513 6287 1880 9840 2361 9990
277 9896 63 8471 3069 9567 1271 2596 2981 2041 6648 3689 9709 1391
278 9703 1791 4308 3498 438 6084 4804 7696 3101 4400 1685 8014 478 8145 7260 8978 9684 1297 5333 6298 5503 1538 5821 8710 9181 1641 3044 5413 1077 6334 7684 9187 7525 1601 9842
279 8264 3650 8013 2915 1652 6498 5310 5612 3242 24 8085 4317
280 3880 8410 330 7344 5671 4674 2837 8905 1470 6849 812 4938 5223 2313 7486 6949 177
281 7707 8961 1876 9173 1961 7813 3152 1522 6602 1186 3721 4712 8501 3533
282 2930 8153 6518 8585 7309 9595 2043 8823 7377 7746 9098 7320
283 4501 5728 9581 4602 1259 9505 3755 8632 1348 6370 4884 2112 264 5831 6197 8156 3669 5407 9805 1682 3330 1208 4326
284 6507 4929 2674 3079 5483 3313 3729 9569 4245 33 1407 2568 8571 101 1769 8350 1647 3089 1495 3584
285 692 7220 7531 4197 8413 2593 382 1679 2480
286 3176 7721 96 8139 2456 8205 5462 9030 5098 8610 1408 1638 4084 6789 6919 7860 7180 6980
287 2355 118 8765 7677 4117 6331 175 9252 7000 6225 8239 6477 3750 684 1327 5871 505 8332 2446 188 6141
288 3282 8368 1482 9019 8083 9414 7248 3686 6471 8312
289 1665 8480 6790 8556 2183 8419 7978 8373 4937 4258 3747 1826 4358 9789 9681 2795 7197 7796 2753 3869 7296
290 7587 769 8075 3828 6431 1945 9948 4124
291 9358 4448 2373 7159 3183 1161 6892 6764 4761
292 6894 2187 5303 6934 7530 1640 3716 2907 1177 8278 1510 9873 7987 205
293 5629 1817 5154 2098 5988 1410 5093 5233 6609 227 6621
294 8483 9622 2315 6036 5168 8839 7962 6540 9184 2004
295 421 3560 7907 7689 7552 5594 2886 2408 6005 5645 7756 6797
296 8098 1960 3991 823 7504 4154 7161 4309 8876 5744 7792 2308 7659 139
297 8527 3404 3799 1681 6136 8411 1028 5563 5763
298 6469 786 5321 7848 2887 4644 112 8529 5630 2553 4704 7415 324 6812 2681 8716
299 1101 5440 3251 6492 6186 1633 1920 8056 5875 8593 9279 1878 7868 707 7647 6295 8136 6523 8270 6270 2911 9961 528 6155 1095 8859 5656 6778 8005
300 4942 2332 2687 7275 2377 8954 3665 6379 7924 9643 2414
301 2236 3366 1102 7798 3949 6474 5841 407 3993
302 5754 1814 7247 4236 8181 5075 1461 1832 4320 2293 2985 7227 1944 7956 625
303 2564 1760 8118 6807 5625 4502 8991 4563 9915 2087 6712
304 5993 494 3485 5082 1133 6112 578 760 2279 4080 4669 1360 7451 1847 9107 7252 1790 9461
305 1556 6457 5622 9674 1160 7819 3277 3852 8792 104 4893 7023 1900 8043
306 3754 7996 7503 6041 3433 9111 6448 1738 9926 6936 3925 2475 8830
307 1341 3987 4805 1666 2538 6743 1969 4771 8928 5818 9162 2168 2077 9728 518 172 8822 8336 4651 8987 716 5448 6528 9349 9075
308 5185 6729 6662 2095 18 6867 4470 6924 4043 3889 1256 5747 3231 2165 9602 6670 9370 6899 4399 3147 4973 1295 3581 2144 5323 3672 7481 9129
309 1262 7192 3642 9405 6449 2571 7637 9132 1829 8365 8302 546 5302 9309 9607
310 3309 4566 3518 8809 7496 4284 633 4487 4132 2539 880 6425 5096 3976 1025
311 1911 7172 7121 7741 5663 4690 7201 8467 5709 8207
312 8316 5320 586 4718 764 5723 5851 5211 8814 9720
313 5840 6979 2954 8360 997 535 2586 5732 5179 9431 296 1964 900 4240 6922 6584
314 9493 5979 2029 820 7253 9364 2292 9887 6851 1425 3135 5989 2191 3743 8949 3230 1009 545 585 7099 6198 3772 2721 4667 6445 135
315 6632 906 5606 1725 4683 4996 6441 8965 8183
316 5368 6190 5456 9770 7228 2747 3859 1389 4933 2295 5352 5509 5450 457 2670 4176
317 1674 7342 4256 7262 739 3214 5652 9809 805 8061 3276 7363 25 991
318 800 3342 9877 4552 2470 8921 5761 3649 2273 4709 3352 84
319 8391 8496 598 6586 7703 7083 4920 1840 2850 1093 1542 640
320 3234 2533 467 3684 7622 866 3153 1328 9995 3865 2212 7683 6451 1686 3395 8934 4616 9807 1085 3751 9435 2792 5474 8352 3456 9671 8221 783 8787 9688 1762 7960 8649 3942 9476 5605 9159 7634 8116 8431 2437 5507 7153
321 4869 7624 8805 293 6568 7557 5779 3329 8608 1085 3236
322 4109 1566 4846 3200 9364 7619 2063 9625 4262 6847
323 3368 4736 8143 2657 5042 2833 973 8666 9198 1444 4782 4900 9822
324 3794 9000 1047 5196 2277 256 4076 1925 7698 6139
325 3260 3900 2628 3208 7340 316 4587 3002 1111 9003 2158
326 4510 6351 4703 777 9707 233 976 1785 4306 1120 8137 4891 8498
327 7170 8037 6883 7024 2358 7802 1049 5558 9264 4511 3460 6266 9152 9656 6413 4803
328 7656 4955 4521 3624 8045 8761 305 6707 5400 2426 4967
329 3705 5454 6777 9042 1344 9051 5375 2668 2329 4908 7989 3722 9182 8639 6067 6161
330 1399 4696 7308 6315 8735 1152 7176 251 866
331 2016 9433 9507 8829 6914 6140 1739 1098 1051 5813 5998 3835 3535 6530 9912 1457 212 9830 9167 1986 9908 2114
332 5684 2757 688 4860 7498 9900 4921 1747 6879 1232 7485 2951
333 3527 4356 970 750 3042 9959 8041 2755 6003 3902 3304
334 7734 8635 1529 9661 661 6160 3574 7800 9478 1690 8078 4385
335 7715 608 9448 1324 1342 6151 2173 1720 4155 6681 1923 1948
336 9135 4193 7137 3046 4924 1430 2431 7173 5688 1351 6300 7841 4015 9194 837 174 7088
337 5653 4806 3005 9916 8786 3599 8380 7546 8894 7013 3119
338 1073 5364 7124 1716 3968 8160 5503 2140 1998 7820
339 9077 1148 1596 2822 8988 7507 6249 1561 5977 5080 2934 7902
340 5064 3316 2340 3363 5090 3077 3753 1343 2847 8125 5869 395 1391 9545 4437 8150 2486 1904 9354 7200 8259 4230 7026 1831 6652 4442 5677 550 901 2064 7511 6731 7147 863 90 4027 8344 3507 6178 7575 7198 2060 9003 6347 6986 7289 6139 9120 1962 8797 7756 1638 2274 5097 5821 7013 2589 5862 5838 3249 3537 188 5775 3835 8696 2929 2209 1504 3932 4717 1900 9551 6550 7055 6771 6922 7426 8601 399 2707 7252 1942 7361 7791 2555 183 2288
341 9073 3916 1354 676 2156 2730 3374 5467 912 4071 8441 6244 5942 8284 7904 358 2085 2737 2744 6717 3080 9414 9540 8183 116 6893 4310 3895 7367 1141 2589 7542 4129 9669 4341
342 1398 9585 8882 5055 6058 368 8186 3992 1742 1336 4104
343 4292 520 918 4772 6452 3253 5181 9231 8401 3380
344 6433 1588 5160 9146 8952 7748 2488 6263 7194 538 2074
345 2713 7065 7858 115 6825 9616 1896 4949 1973 5973 4532 7862 5899 3757
346 7567 3873 1434 9517 7743 1539 1253 2618 8804 3280 8107 5149
347 5431 6341 3746 7249 4413 1893 1466 6917 6088 6028
348 3182 3218 452 8422 3627 3647 2142 1543 6354 5885
349 6440 8158 8992 5511 2169 8646 3907 8750 7558 705 4824
350 2350 5600 1645 8357 9035 8916 4490 435 4809 5138 8863
351 3327 3983 3948 9060 1052 4177 3652 7718 8591 540 868 51 8193
352 6705 8863 934 2158 2396 5301 1495 5138 5166 4698 5898 575 1375 8030 7167 3792 227 8907 5385 1281 9837 5258 6616 6909 6511 7267 9936 311 1554 5095 3752 5609 2877 485 8068 9216 9192 6961 4558 5726 7429 8491
353 8798 2909 2926 137 9430 5244 5597 1007 472 9971 7955 1888 6 6693 2052
354 9640 44 4491 7852 7489 6691 4677 7508 2894 6960 7448 4123 9400 1478 4614 7075 3220 8852 8400 2673 1731 3163
355 8489 5298 42 3564 8851 4388 7988 8438 372 7602 5543
356 4641 5666 966 6292 8936 5481 5269 6702 674 7353 7821 5515 5621 734 5536 1370 2651 5643
357 9190 2796 9355 5764 3945 7258 4456 1508 7114 6204 1103 7039 4567 7179
358 9001 864 8492 8808 1288 8616 7223 5807
359 28 6472 3641 2708 5247 2238 7238 7981 691 4421 5207 3213 8637
360 3188 2784 6955 678 1352 2307 1997 1593 4544 6666 9021 8522 7618 5615 5465 4280 3219 648 6898 7364 14 4697 8583 5742 1125 690
361 6583 3985 1514 3155 41 4152 8751 1818 4915 3469 8947 2858
362 3561 9668 3524 6787 9044 3016 1231 5317 1159 758 202 5367 77 3566 1848 6236 6073 4423 1476 3077
363 78 2936 3161 4666 8827 4404 3193 1756 1081 1316 4865
364 6462 6466 9935 3189 4993 3338 2251 6337 766 9969
365 3661 5514 9911 2660 8773 446 529 6724 1213 5308 1708 69 299 3336
366 5309 8764 6380 7892 1895 6873 1198 4195 9093 1868
367 4390 4008 6580 7460 2789 833 1022 8697 8528
368 8126 1257 3577 7230 7646 1751 9203 262 91 2189 3051
369 1199 8446 6117 856 2864 8895 9788 2317 2763 7012
370 2310 9808 4167 7945 1431 4535 6686 4810 6762 1498 4400
371 5945 6167 7934 6776 3424 6726 7863 7623 6549 3379
372 761 895 2634 4324 731 5798 6144 4709 3656 3576 6808 6643 469 3870 9218 5797 5214 5793 4823 1552 8855 4212 6931 7234 6338 1963 1528 3827 3882 6398 2979 7782 1429 9139
373 4684 5217 5852 1390 7354 4852 9415 4542 1014 7678 9371 638
374 8138 5489 4643 8799 6146 5926 8603 1499 4073 3453 8450 7050 952
375 8010 8035 1605 3241 9683 6047 7014 4032 1346 7857
376 9305 689 5022 5396 138 7993 4562 2234 2297 5934 6759 2519 3710 3703 3061
377 6085 7730 2467 8948 3536 3633 5439 8757 6839 3883 5054
378 9012 4042 7960 4116 8366 3138 7797 2838 8785 3821 7456
379 1136 5994 62 1320 1456 627 9891 7119 7151 5780
380 2766 1600 2134 9156 9847 7824 3643 4441 7449 9704 8920
381 129 887 3334 9747 8324 3749 8767 9304 6983 3240
382 5220 8164 6147 6278 3744 7306 7358 7274 1570 3792
383 5287 4296 3860 3677 7455 5833 3850 7397 8674 2079 8104
384 5911 7617 1627 5923 1788 8518 2515 5461 5068 8937 8564 1656 8673 2699
385 993 871 6374 6615 5946 5866 6362 9598 5150 3117 2136 3520 5232 6149 8628 9230 7146 9689 6829 5292 8493 8532 7519 130 842 131 2107 643 5362 4260 4429 2198 524 2414 3004 6920 719
386 1614 9432 2366 3875 5983 8843 8457 7386 663 196 1428 1505 5649 3084
387 7196 2749 245 954 2741 8335 6394 4229 2427 6130 1916 2898
388 6818 4438 879 49 7359 3622 162 7488 7233
389 6334 4820 4237 5004 597 7406 142 9868 3959 8301 7849 9794 8507 6424
390 1445 234 742 2463 9802 4726 6365 4039 7484 1072 7789 7071 8535 2452 5189 6937 1043 7997
391 968 2497 8590 6318 741 4754 4185 7683 1500
392 919 4650 6235 6606 5539 4000 7242 1170 951
393 6556 1727 3779 5958 1379 2051 3668 5020 4854 3101 8713 3104
394 7559 8997 4140 9168 4814 602 1309 2027 3803 9050
395 7256 1985 8630 9510 7951 1394 7574 8502 2417 948 2271 3975 8057 5638 6391 2422
396 2214 8996 943 8468 1138 6497 4956 7288 3341 4112 4619
397 489 4108 564 4214 7611 4449 1303 8636 8715 5868 2961 9820 2299 2640 1623 9637 7018 7771 7456 1358 1105
398 5677 9757 7369 718 5995 1293 5768 5661 7742 2176 385 6767 5129 4407 1839 2791 9332 9089 6482 4880 4081 790 8142 310 6842 6254 9248 5846 3052 8986 5889 2806 9645 8362 2773 7795 8487
399 6944 6382 3833 3592 9108 7886 5577 5727 1227
400 2171 75 9594 9982 5525 3225 2513 5389 5477 8932 1770 9211 4658 3704 8918 2321 8109 4450 7278 7347 1719 8089 9485 4354 8111 8911 6687 9428 295 1174 5896 5054 7037 1570 7888 8256 1149
401 4257 4777 8119 8154 2050 1411 303 4307 5596 6000 6758 7613 9750 507 4815 5326
402 8249 8747 1981 7009 605 7188 6176 532 2883 7393 3156 6375 7203 8881 443
403 5117 1075 164 4760 5552 8683 6496 8451 3486 3025 4047 2343 7631 3173 3447 5334 3657 2811 7899 477 1807 7541 9780 2424 9374 8343 3043 7880
404 8615 8009 6805 8653 9340 1903 6065 2722 2594 8200 8919 208
405 6671 3864 5409 1367 3811 4033 8337 7549 8461 8793 3496 2320 8388 3265 7276 1134 5359 1877 4873 8938 2855 4365 7936 336 5038 4151 6458
406 1193 6510 5949 9793 6733 4632 5601 2834 1201 863 8487
407 3515 2532 6045 757 3422 5953 7779 5905 8959 7209 4944 1010 6025 8566 5862
408 6402 9960 8199 5261 1753 5083 5306 9763 4297
409 7969 9175 7117 2111 3244 9511 5804 2115 6429 7244 488 9426 3337 2655 3696
410 2099 5311 3076 4740 4062 8349 153 7317 6676 5583 1601
411 1866 2872 2244 1678 134 5186 7156 8970 4717 3116 9717 5135 8148 4522 8495
412 2003 722 5330 502 6768 5067 1786 9838 3853 1464 2474 7361 5695 9442 700 253 8044 765 4997 6034 784 3720 9197 1216 4035
413 8815 4541 9407 3814 2711 9133 5143 7670 3072 4055 6550 9742 7657 4755 3409 5771 3308 8124 5901 5825 6416 182 9465 4327 7604 2595 8392 4765
414 6024 9608 6509 4591 8780 9301 2439 8015 4414 4021 7476 5433 7599 9931 7706 8899 2318 7607 1800 6608 8131 1123 7579 9205 7984 4333 3160 4359 8836 239 4007 1932 834 7811 3434 2526 8058 8922 6555 1750 6020 7179 4909 8491
415 5845 1650 6793 8171 4705 2390 8634 4012 2137 5685 5199 1234 5582
416 7679 1743 80 3034 240 7581 3365 7601 5152 8795 9290 5163 7653
417 3014 7600 9784 8246 9363 9768 5484 9222 6285
418 8574 6815 9440 4629 5740 8589 7008 5103 168 9609 3186 3718 5384 3297 7060 1978 8234 5006 250 6403 4037 9449 2750 8618 8939 6216 4020
419 2335 4431 9208 7379 686 8753 9172 58 463 1106 2794 5910 3095 2871 5872 5391 5418 3863 4720 2403 8405 2161 3970 5555 6354 9219
420 3682 1419 9950 9193 6642 7381 3438 2893 1442 3673 2198 6280
421 8212 5224 3474 5171 10 1220 5713 7135 5062 6438 3013 7053 1740 4159 9901 1383 1535 6545 5777 2143 8344 4433 5884 9979 8028 3540 6129 2633 8054 3969 4797 2423 5869 1534 5762
422 3763 4206 905 8372 7303 5070 5102 5056 5019 4045
423 7045 1041 1491 3610 8150 6347 9501 1834 2454 267 3697 402 4799 3356 3024 882 4285 3702 1531 4857 9460 8130
424 3625 3767 5900 9195 7887 1527 5107 7513 8831 1020
425 2549 6734 2552 5438 1901 6174 270 9945 3392 8746 4906 4031 1966 3609
426 9577 6926 593 7021 6850 7313 2859 2249 3192 7044 843
427 2878 5049 9541 7118 6229 8191 6289 2033 7457 617 3505 9836
428 5065 9652 4670 3789 4970 252 2002 3158 22 3923 3681 221 8702 2109 8874 1935 8209 7039 3268 950 4586 9957 3651 7082 2032 6305 3319 1940 4695 8106 7526 5052 4913 4252 5307
429 2255 2228 7967 7702 9701 5112 9627 6722 6038 6373 8705 5578 4027
430 7017 4688 6803 9693 7640 1559 6455 9057
431 8012 8272 4198 9145 8220 4687 9772 5876 7422 113 748 4403 7773
432 7762 6613 7699 3012 2240 2555 1668 9244 7153 4199 3783 1105 9270 447 935 412 3982 4855 8387 2155 3836 9075 2322 6537 8495 3543 321 3079 5860 5006 8462 1091 5251 8498 8293 6621 2569 5029 5451 2128 8284 652 8332 1934 477 3240 5880 5898 7713 155 2773 7732 7852 5715 6675 88 8423 2158 2121 4664 5458 7919 7285 9465 2150 5359 3032 8134 951 1728 7206 2263 5887 6538 2475 4045 8121 6687 6054 8491 4091 7210 1984 2704 9615 6889 7987 925 6029 9733 560 5921 8130 1246 3630 3784 8193 6492 4948 8830 9014 1534 8685 4377 7629 7077 3119 7519 9036 2735 9720 8687 3958 8428 2768 2109 2668 5163 4317 5064 2085 7790 6875 9933 8848 9230 7486 267 867 4385 2260 2183 3751 3781 8539 4531 1299
433 4553 6363 891 9859 4412 7676 7074 2924 1512 6011 9623
434 6939 3822 328 7385 1045 5680 1503 2104 6210 9653 8756 1810
435 781 2840 5493 3140 1420 4538 4435 8693 6135 6550
436 7817 8459 2663 29 941 8155 9286 5706 6271 8167 4912
437 6826 21 6264 2969 5702 3362 5089 3028 4315 677 1365 9800 4962
438 3473 6110 5617 1838 4914 5144 8175 7237 1248 4346
439 4871 2627 930 2205 9494 8558 9207 3194 2331 5170 8204 4780
440 889 9655 656 6747 6282 8698 9045 646 111 6059 3290 7920 2341 7399 1377 2000 8824 7289 2968 6925 3468
441 6989 8477 8866 2375 1182 8463 6050 6923 3211 6837 4025 3073
442 5533 6624 8611 2048 398 9148 1927 8359 8561 1204 675
443 8250 789 8448 406 9223 4752 737 7469 788 8376 1469 8033 7033 9004 2146 7219
444 6105 3109 323 3648 7212 8719 929 3807 1972 6633 4481 4707 4785 8871 4845 9615 9013
445 7301 827 5559 7277 9988 2235 3274 655 4746 2260
446 4241 4529 650 697 1036 3629 379 8581 4442 8612 3679 6311 6015 6844 8268 3603 4699 1987 3240 1624 7952 6048 1387 9755 7665 7115 9347 4463 5219
447 4517 8776 7290 6467 1364 4971 6772 7036 4494 5451 8363 7151 5434 3586 218 2817 9579 2139 8681 1071 8195 792 1329 3706 5198 668 8135 1110 8927 4705 6130 551 7725 2895 8599 3612 5471 1710 5756 3883 709 155 4660 3144 6306 7413 5962
448 3719 2472 5573 3825 2129 4940 291 8569 1188 9723 9931
449 6083 685 5444 6124 7059 8995 8004 6077 2616 9130 152 1107 1806
450 9295 1241 2476 5026 3708 9635 1380 5922 6999 9048 1933 9071 3552 501 4148 1056 8700 273 8508 5687 3798 6986
451 4242 4671 4478 4573 822 1874 4274 3145 2365 1555 1849 4649 2211 8706 3427 3023
452 2774 1988 5978 9839 4228 1492 9344 2102 5106 6116 2709 9883 5870 9852
453 2947 9862 54 4393 8975 9736 3701 8238 1548 2398 7551 3961 8209
454 5608 6599 849 7357 6310 4896 8253 3031 9706 7929
455 6572 3593 5943 9423 3009 3578 547 1544 5512 9387
456 499 3307 2278 8790 7859 981 4847 7692 8236 8885 5592 6148 7030 2559 5441 6274 3417 933
457 9399 5208 8707 6644 9378 844 8215 5529 8210
458 4093 6113 8709 2036 3977 8724 4795 1489 1191 3491 8305 8046 8444 8848
459 7566 9336 1412 7639 5479 9932 7745 1311 3532 7025 7432 7284 7461 4494 8174
460 6641 9393 2839 8946 2080 4663 4136 5195 3606 8341
461 7005 381 8520 3512 4818 6912 897 7985 2974 8439 6360
462 5228 151 8743 5177 9633 4719 2464 4842 1937 794 4966 9619 703 5216 9563 9815 1680 8854 3582 9215 6525 7259 4234 5408 8371 6532 3935 9545
463 9209 216 2723 1104 811 6114 5242 7966 9314 6853 1572 4091
464 6238 4776 3786 7964 5990 2006 1249 2706 2119 4141 132 475
465 6082 447 6250 7968 5572 8893 3061 5212 4314 8069 1353 2458 3326 6946 2175 7606 4907 828 1260 7023 6075 1580 1986 3380 1572 5234 6100 9898 726 76 7732 1223 860 9270 8507 2951 6454 1515 4780 9970 5758 4784 8157 1739 2741 9637 663 6827 4362 8008 9398 8728 1150 8055 2383 8022 1020 3720 3885 7653 46 9573 5211 2902 1981 6390 8212 2327 5412 5715
466 9641 6483 8560 2402 2448 607 6878 448 2346
467 5635 5120 1843 6202 3410 3994 9177 154 6830 8759 4071
468 884 7020 6735 9298 5313 3664 1178 3984 8026 2805 7593 7697 3470 5996 8982
469 7360 3318 9171 2649 1590 7235 7554 2785 8834 8421 6461
470 6597 3502 9718 8011 5930 6600 3709 3594 5609 8922
471 1000 3045 4652 5888 877 7305 3713 8258 2812 2650
472 482 9691 3856 2294 1775 3479 3269 7316 8582 5587 8549 4110 1606 3549 1086 369
473 7063 1296 5356 5770 1907 5565 3008 6598 5505 2201 4349 362 1335 2432 2185 7643 4647 6049
474 5151 5548 1124 9338 2466 6356 8338 6040 5929 6706 7329 819 965 6364 268 6737 4377
475 6064 7510 9568 2778 6646 9356 3499 5750 5029
476 5799 8023 3616 100 7628 6018 7243 5664 6581 6740 7621 3837 2900 2630
477 123 2325 8578 34 2545 733 4243 390 2072 5692 713 4821 4840 8320 6126 1353 399
478 7946 6241 3458 571 2644 6352 3096 7564 6766 166 71 992 3567
479 64 7811 3382 3996 6209 5532 6505 9514 6749
480 9308 1480 131 2242 338 4182 3049 4500 8692 1842 4225 7952 9518
481 5437 6359 1658 5704 1405 3673 1625 3172 3963 9764 444 3714 6453 6355 4077 1923 2613 1912 5925 1948 4232 7142 5132 3195 9704 2030 3745 977 1939 2349 4730 3362 3664 4822 3607 9238 8726 1227 7419 3092 5458 8812 9129
482 1639 1669 4166 5634 5395 6232 5843 8314 2820 6290 8910
483 9938 7392 9886 9069 8548 3344 8289 9411 3884 3411 9738 1340 1550 7694 4639 7791
484 8499 6991 7467 3530 2677 7452 2923 1156 3808 3098 9312 3199 729 8878 5124 2604 4569 7266 2601 2008 2128 4664
485 4367 2790 496 7133 4752 7213 7688 2019 8982 1079 1339 9822 6269 5111 4870 5997 9510 6528 1025 30 5397 5112 3064 6487 5966 8887 2666 2760 6503 8756 425 177 9436 5583 9991 5063 1498 6797 1571 5149 9467 9623 5553 7929 5175 1164 4647 3905 4639 6404 3022 5349 1323 5784 6465 6391 4958 4912 5193 6549 5636 5654 220 2856 3528 1430 247 4679 7087 7948 7895 5239 7521 4311 6049 3602 979 5962
486 8125 6067 7736 7085 7699 4624 238 7880 3543 1868 5772 443 1799 1289 7787 6115 8345 8145 367 921 6196 3125 3509 7333 557 9050 3184 8880 4985 8439 133 4168 7786 8307 9677 9669 1611 6280 7367 7771 4941 5194 7545 8844 850 1328 9518 4314 1042 5543 7053 8269 8185 3051 3243 2583 6982 2818 7434 6327 5483 7454 6369 9224 2345 4962 6014 5645 8116 4343 3757 8566 1736 6285 6486 5099 640 3383 1195 2679 5780 6712 2630 6226 5492 4107 3750 3331 9600 4463 8257 7029 5322 1774
487 1458 1063 1194 3694 8513 7480 8364 3553 5436 9907 8836 9425 2600
488 9739 4336 3108 1982 7295 710 9076 9049 4409 7976 2972
489 6997 6468 6491 5816 5240 284 5534 590 7435 1306 8418 4188 8331 787 6809 7004 1122 6092 6567 8121 1752
490 5544 3740 4969 7608 8064 5657 4454 7268 2705 7458 2322
491 7925 6801 558 6329 3388 9946 3741 927 4459 1730 88 9965
492 2959 8002 9564 736 5963 5376 6007 1802 4890
493 3955 1801 6947 9685 347 7370 7062 7695 9402 3520 2897 2439
494 5417 4244 2206 6346 3461 7391 6494 7272 7837 6543 3888 753
495 701 5941 2034 3972 396 1080 555 1224 7693 8742 3547 2491
496 2536 1616 1440 4655 6231 7341 8559 8433 9227
497 3292 4853 1765 8147 9123 4716 5142 2415 8211 5041 1799 6074 9713
498 3997 1919 9239 6570 2227 8732 431 893 8624 490 3568 6185 4070
499 671 7769 6603 9041 1867 1402 8573 6956 8622 215 5023 3818 9164 6968 6032 9615
