100
0 36 91 186 339 2045 6045 4738 288 2978 397 123 1137 1862 449 5136 51 1702 6160 220 1541 1558 2509 34 459 1110 3299 1884 109 128 96 177 717 422 250 552 1847 2212 954 756 2288 201 88 290
1 0 1 2 7 5 6 8 3 9 4 14 15 19 65 3198 126 27 1572 12 37 22 26 10 13 869 74 17 485 11 41 1089 404 88 21 158 5367 30 110 484 1388 85 199 42 54 8734 40 56 28 2076 38 251 18 58 1290
2 0 1 2 8 7 9 5 3 4 6 14 27 11 19 28 3975 15 13 2264 17 16 3756 10 138 21 37 12 126 20 18 69 2848 24 23 3244 22 65 35 62 121 1502 252 45 797 44 63 176 30 41 1495 36 5276 32 6049 54 25 155 78 199 1572 58 120
3 725 1549 346 8948 815 2385 735 971 29 35 809 5329 4221 447 551 6163 768 2360 165 169 119 3591 293 1456 408 2371 206 9906 255 426 1734 90 8466 2840 7924 144 1991 5350 210 207 360 101 1841 1054 4336 653 404
4 433 587 1843 552 5616 941 454 235 1623 118 9464 4791 319 6744 1073 387 334 7287 162 614 9946 77 3654 3056 993 1863 2706 2164 2143 786 3175 8955 8518 850 2190 402 7313 6001 1257 1702 589 79 365 3999
5 0 1 2 3 9 7 8 4 5 15 6 28 1572 36 2614 11 32 84 62 46 3923 97 27 977 1958 34 23 329 86 102 60 14 119 29 53 747 31 12 290 4607 37 16 65 47 9502 74 731 41 285 3849 184 316 155 1263
6 0 1 2 8 5 7 3 9 3097 4 6 14 27 19 15 28 11 13 21 10 12 20 17 16 176 120 7624 37 18 1334 2153 22 62 57 1310 148 23 30 69 38 549 1958 41 40 1714 56 31 24 44 26 36 63 72 197 138
7 0 1 2 8 3 7 9 5 4 6 14 15 11 21 19 12 138 27 1310 28 17 1290 10 63 16 621 23 13 126 20 37 554 199 583 18 176 139 1315 30 24 35 9517 7624 57 1384 184 58 155 74 252 107 62 3110 65 121 38 303 44 485 355 5526 55 102 22 968 47 145 948 69 25 1610 229
8 596 280 24 98 72 549 35 75 52 50 25 64 2572 76 1597 1679 4510 1734 3266 253 1287 92 178 120 524 411 252 160 5313 436 940 45 1440 164 43 151 2902 684 1468 1632 7292 1506 62 8215 249 23 2741 703 574 7915 320 4554 5659 63 77 9030 4885 3818 1292 5751 1365 132 216 147 184 709
9 44 873 32 899 290 164 229 60 41 389 47 64 204 40 78 1510 70 103 51 252 117 75 109 135 166 665 309 6718 1312 59 113 2735 684 432 79 162 142 95 187 201 715 4421 66 510 65 145 7401 650 342 267 171 83 6379 2616
10 3477 32 22 131 13 62 21 37 4266 2701 5725 47 482 123 914 51 168 80 940 36 53 132 24 20 26 39 114 389 18 58 1707 356 30 4978 128 82 207 16 143 125 824 94 35 4432 86 34 850
11 0 1 2 8 5 3 7 9 4 6 15 11 17 28 27 2591 1671 13 19 34 2513 74 12 70 117 65 72 82 20 148 61 243 55 103 316 56 653 48 725 112 120 52 69 10 138 1434 31 679 51 79 1384 84 1495 131 60 859 919 356 3849
12 0 1 2 8 5 9 7 3 6 4 14 19 554 138 16 26 13 11 5381 1502 23 62 28 10 20 21 12 17 29 18 121 1077 33 50 120 32 35 27 61 78 42 56 1310 37 22 879 82 355 1583 485 1591 1263 2153
13 161 72 35 1610 64 57 236 6115 50 3880 29 47 850 595 101 425 40 567 54 1667 199 3398 3262 140 107 342 7382 1888 885 276 5902 32 422 1128 233 249 93 602 8243 49 3676 41 1271 2922 51 6131 2106 4397
14 2205 650 382 329 5069 101 4104 720 1704 1959 1027 69 349 201 89 1985 398 196 3768 4594 432 6979 94 1762 215 143 7791 3398 1207 1590 990 742 1612 3239 2593 3500 807 186 93 3182 185 4417 1097 362 254 160 8355 5721 1521 709
15 0 8 2 1 3 6 5 7 4 9 11 15 14 21 138 19 7117 1583 135 164 1958 468 65 10 280 2818 40 69 17 199 52 329 5482 112 42 2076 87 126 63 20 131 28 55 29 51 4841 12 68 2700 70 32 84 57 355 1591 2291 147 1766 404 2148 1495
16 461 819 762 175 112 611 220 154 2268 288 6031 848 3698 6630 9360 143 5791 1100 417 3243 9246 223 1754 4974 377 167 191 1136 170 141 5484 90 3943 1313 3715 634 7367 6565 2857
17 345 435 5404 73 1185 3977 186 1270 4063 1591 2145 4167 5893 339 9470 454 2981 273 291 5558 536 2905 5278 147 1420 396 363 3306 3912 210 5218 2342 2232 1801 238 2033 230 9351 494 561 8152 361 240 1030 2809 1743 3540 763 161 195 694 1429 3243 4443 318 7518 1077
18 77 1222 66 1604 135 59 68 2688 2523 114 158 229 29 40 8334 157 97 129 108 4388 6234 393 26 454 44 163 54 184 257 148 8703 646 245 750 83 1546 1052 3410 647 3158 3983 94 3053 273 4089 69 339 910 587 96 355 6986
19 5182 6930 2208 309 4291 995 1171 339 146 4063 778 1799 243 198 3142 140 764 3621 1434 3448 5910 484 1437 1521 134 480 1524 81 1119 8933 9768 871 48 66 9732 77 992 861 70 624 800 55 625 346 61 775 1762 57 96 41 351 1427 110 6379 268 2374 127 299 612 203 290 1689 2348 97 904 2391 545 9081 120 3046
20 75 31 36 21 6379 174 43 159 2521 1771 3428 151 50 61 487 137 662 59 4497 26 3412 249 170 1012 4413 87 218 1225 632 125 4364 3270 29 1256 100 7966 2849 495 175 2298 74 145 805 7454 232 1783 1117 301 332 5887 7069 6362 432 1122 5514
21 0 1 2 8 6 5 3 7 9 4 19 14 13 15 27 2264 1384 3684 20 17 16 21 120 10 176 74 11 69 30 12 63 22 1482 7242 28 138 37 164 583 148 34 356 18 79 103 404 252 82 4247 3158 1554 389 26 38 44 2955 5482 4799 33 5554 23 5985 211 110 494 1756 1089
22 0 2 8 1 9 7 4 5 6 3 138 15 5926 11 14 27 17 859 28 63 1737 72 2818 69 1173 23 224 29 26 468 977 46 37 12 10 33 193 21 148 61 2402 1070 442 157 38 40 19 371 30 18 152 68 83 126 117 107 253 236 355 303 708 4247
23 70 253 869 426 4171 114 245 948 152 940 87 85 67 585 64 1524 72 95 1429 7658 4994 2579 751 1413 1352 665 2871 5659 1554 2282 2169 34 142 204 218 40 7584 1387 172 3600 66 55 97 1881 71 145 6378 92 52 78 184 8139 879 1152 4343 223 4226 275 3839 455 7918 108 135 7325 5350 583
24 708 236 1184 74 3106 121 8402 5990 39 6698 977 33 900 122 8450 88 131 184 252 1930 91 426 83 93 114 42 145 50 4148 103 621 125 229 1334 31 86 108 73 6138 1412 45 51 67 112 80 164 46 267 3706 6238 6347 3483 52 90 7086 102 32 5333 123 494 197 404
25 83 45 36 55 1524 393 3196 469 3139 1350 400 1222 4724 131 7773 1174 86 166 91 78 9677 1869 2770 25 1645 127 3747 3251 1134 88 542 80 8360 3964 141 320 202 880 46 125 7354 4100 533 1478 32 62 390 1184
26 0 1 2 8 5 7 3 9 4 6 1290 27 5526 14 11 15 138 16 17 120 155 2591 10 19 37 12 131 30 252 41 24 28 23 35 13 21 1638 184 63 46 26 797 187 22 709 1052 126 61 20 18 65 900 102 309 144 107 110 5959 206 549 148 3497 299 1077
27 0 1 8 2 3 14 5 7 9 4 2848 6 3097 57 867 11 25 19 18 299 1917 121 1954 10 1434 1756 21 20 110 82 2700 103 8761 24 35 13 166 39 157 12 72 44 197 637 74 71 708 1225 117 15 149 5295 6668 70 686 58 28 303 6337 485 552 815 7537 404
28 0 1 2 8 7 3 9 5 4 28 6 14 27 11 12 37 138 13 23 19 17 20 63 15 61 10 8450 22 72 121 35 114 16 52 164 2076 21 97 55 2371 32 29 4613 57 3923 107 42 60 69 144 131 621 815 653 120 329 1604 316 442
29 727 442 34 609 1506 92 23 243 3424 74 309 1583 1283 655 751 728 73 139 37 48 146 61 249 163 270 204 709 2212 665 1697 330 49 53 9957 43 496 35 5195 3441 274 391 370 4895 137 264 1721 77 4919 250 1320 962 393 484 1000 429 126 2684 4881 72 238 68 114 285
30 93 1324 187 610 274 4801 7408 198 258 2048 1132 142 884 1428 2385 117 2735 213 314 201 285 7774 2659 1369 8365 309 150 715 163 3071 489 612 167 279 2014 42 242 268 4429 149 1979 720 294 78 681 8241 288 4568 9086 3870
31 0 2 1 8 7 5 9 4 3 6 14 11 15 27 20 199 12 18 1888 21 73 19 155 97 356 554 17 253 58 69 4347 9138 583 102 10 197 121 26 24 25 158 1065 22 268 34 78 28 96 50 23 280 193 13 6656 252 1106 1387 1173 138
32 0 2 1 9 8 7 3 6 5 138 4 11 27 14 709 15 16 20 13 12 22 18 17 10 176 155 35 197 19 61 34 28 60 968 135 44 3849 83 33 74 24 468 3110 859 26 25 45 184 3992 120
33 3046 1114 940 175 84 92 482 47 2444 299 107 679 34 961 13 598 231 285 1793 3563 204 271 60 769 1284 3455 3447 102 1151 1572 1468 7373 503 681 382 599 66 56 2214 18 980 222 298 2521 180 724 128 78 64 8488 7387 124 5395 3119 193 1376 3774 9365 686
34 24 40 38 152 25 18 26 168 21 118 1809 62 171 91 59 4364 305 81 46 549 96 23 207 102 611 22 1587 290 224 175 71 77 1106 666 5850 31 1007 1228 850 6523 681 9346 1408 1270
35 5158 2148 969 6137 94 8315 829 454 3126 359 1186 8030 1506 1260 6962 388 4710 295 73 3011 143 1883 444 675 1607 3983 167 5552 344 1494 2576 4410 159 198 4358 8973 65 594 4435 975 1016 251 2239 738 3662 482
36 89 406 2296 1420 737 7315 1350 1936 4704 434 195 403 1080 1352 1332 95 714 9710 8465 637 1528 967 2552 4919 234 9562 181 280 153 1736 2180 3639 681 469 3142 2073 1211 913 6137 871 3586 396 9246 1351 4984 3996 5041 907 1151 473 7437 4219 4070 78 1098 2521
37 0 1 2 8 3 5 4 19 7 155 1737 6 27 14 3097 16 10 69 28 15 968 24 18 11 1482 12 176 121 25 30 17 13 54 9 41 1089 4347 21 166 65 32 2513 126 42 5862 356 58 60 57 36 33 45 410 4171 859 7984
38 945 459 2738 4009 915 5472 4018 5803 5519 256 1064 3659 1362 3478 557 1370 67 440 6702 6284 179 8295 141 1123 57 489 4630 684 3025 3455 853 8704 231 3444 8342 3631 534 3205 147 1628
39 74 34 184 968 267 728 4768 439 15 731 38 5921 102 55 25 686 46 1171 797 301 107 1251 175 40 60 79 204 468 1930 51 1395 43 979 2383 48 161 31 7104 878 139 632 118 9611 389 595 176 65 62 977 2889 207 390 280 583 5634 2138 747 4302 162 86 99 1667 546 119 88 1369
40 6698 797 869 107 1184 538 1027 482 621 907 55 777 210 388 300 143 73 972 178 88 216 375 265 2162 3879 439 509 2523 715 51 277 397 86 267 961 225 4421 803 480 7734 111 7481 2047 7307 1522 204 245 1601 154 4130 1017 160 2372 566 4408 239 611 273 308 725
41 0 1 8 2 9 7 4 3 14 5 6 63 554 28 11 331 27 19 3198 52 35 16 10 900 50 442 37 1173 2076 12 15 97 197 121 1184 20 3172 1679 72 13 199 4142 17 158 33 7347 58 45 78 82 42 39 686 110 5200 184 73 1881 249 126
42 0 8 2 1 5 6 3 4 7 27 11 9 37 15 138 126 13 19 28 26 62 30 14 18 20 252 121 1495 58 843 1001 356 35 17 65 96 48 29 118 170 372 3286 49 1789 1768 482 34 332 50 3533 1184 299 800 1352 131 7360 1771 3585 176
43 238 1128 665 92 1513 47 1131 1988 210 1483 1667 4497 301 4413 1019 940 803 1420 85 77 156 5011 127 625 2573 2094 782 6369 502 32 132 268 9359 222 5124 324 785 240 1215 5616 65 4813 898 418 4335 3455 1758 2262 4609 159 231 181 1876 5661
44 175 339 64 1651 880 105 211 7959 187 1153 136 2293 5313 595 447 255 742 75 5936 95 1132 256 135 7869 2563 2116 3604 465 378 1476 85 331 3927 1933 1379 1401 789 3443 2298 4096 4532 1674 2577 716 25 901 8480 2091 952 46 88 3970
45 0 1 2 8 7 9 5 3 4 6 14 15 11 23 138 19 10 12 13 27 28 6729 17 20 21 5921 554 16 37 22 121 120 69 176 18 114 30 26 1502 29 55 57 35 900 25 7055 31 24 155 2818 54 1122 38 708 1173 859 1310 5661
46 0 1 2 8 1502 9 4 5 3 138 7 6 23 27 485 22 25 1692 1679 12 152 16 20 5429 13 9572 28 106 983 19 54 205 979 74 177 1298 1270 166 3378 199 901 408 928 289 273 1667 1491 14 113 145 1629 8992 207 5720 625 110 7918 329 2371 873
47 82 48 135 224 39 572 56 1452 1482 34 102 4336 49 1597 120 52 70 166 611 20 10 17 83 335 43 60 257 583 33 1881 1506 424 1387 46 157 45 429 85 482 160 158 3514 392 549 42 126 57 2198 517 867
48 48 1510 146 41 751 96 184 71 1809 2825 84 1344 39 4497 398 199 25 54 134 162 47 300 68 24 42 8334 114 55 325 5843 330 233 7384 53 1312 119 104 32 335 198 1350 749 249 35 2041 236 1575 348 4157 62 914 329 3477
49 106 1151 3332 290 68 8334 549 8019 259 651 47 1090 519 78 2168 4131 350 2492 663 6005 1522 7600 110 165 2238 5221 272 415 1150 6059 501 7970 108 60 111 641 612 1606 1325 3190 190 171 7975 3493 3839 6644 9391 496 7537 8643 2972 2120 8271
50 26 2073 76 64 2612 303 1610 146 900 2444 198 6577 236 2292 31 443 395 151 61 50 268 4864 240 1826 178 776 650 2430 140 817 1256 498 487 8702 1343 1575 301 139 46 3412 70 1183 51 2126 1524 594 2698 128 1221 96 5084 206 25 63 36 2196 2304 133 485 95 1599 968 2780
51 0 1 2 5 3 7 4 8 6 9 11 28 27 14 2818 15 121 21 9365 20 10 12 45 35 17 725 22 18 5501 16 3923 13 24 30 117 977 58 3046 19 26 197 78 2826 64 41 23 5659 2148 63 5603 146 95 910 1387 6877 5031 371 1225 329
52 4277 89 310 2175 1805 1417 1186 4589 6376 4089 4849 1012 1088 6514 1096 239 461 1950 2721 271 498 194 383 244 2275 868 951 2442 476 1591 4025 1017 2027 861 106 5175 6180 1469 2886 603 579 5069 593 6539
53 0 1 8 2 9 3 7 5 4 28 15 6 14 184 17 11 2060 10 12 23 4371 37 22 38 13 19 236 48 16 110 5429 1876 56 4023 524 139 6126 30 331 7712 968 9894 371 1428 140 41 31 2433 25 52 4525 40 82 224 899 3102 1408 725 131
54 88 84 193 1476 655 16 95 139 280 3441 123 77 24 119 468 112 90 72 737 9519 81 935 1052 115 132 34 2612 561 76 29 6379 4500 55 5973 155 4225 1489 110 25 3483 4977 243 161 75 3199 180 53 595 199 2177 1200 58 48 332 172 188 6373 624 482
55 0 1 8 2 5 3 7 9 4 6 27 14 126 1502 15 11 19 3244 6887 1263 155 17 13 30 10 37 63 21 16 900 1737 28 3774 1077 107 404 84 80 148 12 1495 24 65 1184 18 161 20 637 117 121 927 468 166 70 549 909 51 32 78 57 145 2486 35 4364 2402 178 58 252 1917 55 5051 867
56 78 46 280 156 51 880 130 98 659 4848 2744 119 290 681 50 609 118 1597 231 2385 4514 195 4390 6097 869 39 151 850 211 999 115 256 625 9225 410 76 1122 933 2983 8938 64 1452 196 1296 2659 332 8660 275 3054 247 707 825 992 66 87 1332 289 3759 224 2076 2371
57 0 1 2 5 8 9 7 4 19 3 20 15 6 14 11 27 16 968 1263 708 10 69 26 62 30 131 17 404 9517 13 21 268 12 63 18 197 36 28 22 236 120 38 44 138 53 110 1679 57 1495 31 1951 50 451 2780 290 252 176 158 102 1384 3831 155 4656 229 3700
58 173 67 760 128 7279 3514 6756 1729 936 4133 1627 3516 366 8076 1768 337 4672 2120 1149 66 396 285 3773 510 73 7548 539 745 100 2249 2726 1124 1665 1457 8430 1204 550 1534 2196 1476 185 5312 175 513 434 4478 1132 229
59 545 535 979 167 195 2187 6335 8138 542 1134 1119 1385 58 1972 2692 2956 136 769 185 226 881 194 646 163 914 857 1011 762 343 746 933 1745 2231 1805 116 6134 231 294 1480 479 8146 702 216 2980 305 105 536 684
60 84 552 78 49 122 1799 132 566 1352 4869 253 80 763 301 1927 235 38 82 914 310 130 297 68 4226 330 5349 410 43 67 9713 524 836 2562 4164 6234 309 59 646 299 425 1388 207 238 4962 636 3182 389 3319 1106 48 212 1959 128 1131
61 206 6979 61 224 566 2976 444 3613 146 114 494 650 940 221 1171 193 873 1591 7672 1656 3661 899 3807 205 64 89 1643 243 3467 56 7559 118 500 2683 484 105 1137 253 235 6616 54 389 476 152 125 6051 75 1270 9551 2282 631 102 145 31 4618 448 225 8080 142 104 240 39 348 2134 487 583 4102 126 1384
62 45 79 1070 389 107 625 1122 2787 4982 118 195 39 309 382 1881 2106 245 44 3052 5876 332 187 2785 97 325 2858 348 4089 3363 789 75 5626 64 1135 201 5634 796 445 57 442 497 1275 1283 9208 101 1132 111 2475 3704 1033 1673 3561 1002 5395 3400 1401
63 0 2 1 9 8 3 5 7 4 115 2359 2158 1745 2683 5448 227 5860 401 2707 671 1052 3642 6 475 6481 519 1303 395 92 89 2191 4361 976 86 1223 257 1236 1772 2696 14 3008 590 2992 4880 7594 75 1041 5779 2823 727 261 1019 8355 1495 138 583
64 24 2955 32 778 296 33 784 84 327 3317 962 224 140 166 1236 6767 2700 4662 5329 468 873 199 2705 162 265 83 1481 45 79 299 7837 161 1797 82 4291 977 163 8034 3211 3718 1745 90 2052 946 1702 8184 70 9613 1930 2147 472 174 731 8629 198 42 9521 3016
65 43 73 103 432 1117 2052 849 132 671 4178 41 173 56 679 9559 212 59 410 40 122 7687 637 58 1412 24 32 1384 107 35 86 45 117 1385 7753 102 217 47 22 166 375 234 184 7151 148 1336 183 178 478 890 67 6092
66 87 118 2274 751 33 51 4881 4953 5754 81 309 1959 187 1967 909 61 136 94 1951 457 979 6644 132 1937 146 199 6684 88 9888 316 45 3706 6539 1413 356 225 7253 3525 455 393 4172 186 2768 229 343 2047 634 733 102 3471 161 1686 92 29 3053 2205 2509 59 2653
67 0 1 2 7 8 5 9 4 3 6 14 19 15 27 11 10 28 16 37 155 13 12 138 1290 21 17 18 120 20 26 65 2060 24 126 22 57 152 38 30 63 69 36 1671 42 3975 554 23 35 29 78 482 25 1263 3389 3774 139 3767
68 612 468 2112 62 31 148 914 9543 170 131 243 5150 67 6035 330 51 40 180 2216 229 36 37 136 60 4266 372 76 91 161 66 112 139 75 58 1510 2487 887 309 246 249 650 332 73 16 253 79 1917 110 43 6092 111 1894 2274 329 482 1958
69 30 243 43 309 2177 6290 335 356 2112 4342 542 410 216 21 6452 3520 139 100 240 566 29 751 73 1468 671 3204 90 2448 55 3299 1005 48 516 89 44 34 185 1593 3499 121 1119 145 572 142 3853 117 907 109 4301 2359 778 577 95 689 3266 71 1294 4834 1757 2744
70 65 442 33 52 56 253 355 468 158 4390 53 17 123 410 106 2170 1756 90 184 63 2973 5150 73 1554 193 232 139 32 43 62 76 16 1384 46 487 362 42 45 3600 27 163 1877 480 138 115 782 1412 231 101 7546 116 23 5667 4859 424 6304 1482
71 54 439 1155 125 143 6018 7776 172 65 8801 170 36 137 9933 659 903 304 3299 77 67 164 817 399 881 66 331 161 235 355 150 142 105 83 327 446 7373 480 8751 139 6166 59 2572 364 30 1862 7977 1583
72 2261 171 100 3358 1571 800 342 477 7862 510 1183 193 1296 1721 6082 325 8309 216 404 4478 5205 39 45 8660 4977 87 3395 1704 3038 71 122 890 2859 749 111 650 5038 7986 7291 395 1967 1294 271 543 219 2614 2538 3032 9927 3591 168 199 4807 118 158 536 377 183 6655 53 197 3215 80 662 2218
73 520 6188 158 172 776 574 1522 597 137 978 49 1307 596 720 267 1339 2063 52 140 126 1065 1611 5838 114 2703 1128 144 662 1284 8156 397 898 211 7218 146 228 112 4320 325 1562 1232 1114 3131 1195 1122 1274 333 7798 443 179 99 1953 1386 109 95 218 5621 869
74 37 29 1365 5860 9896 41 3514 2291 383 4820 145 54 27 22 9572 316 443 2685 4510 995 609 101 1434 38 203 168 243 169 1667 3248 665 55 1807 47 89 3884 5442 65 340 446 1754 109 418 112 342 1210 8875 344 84 2296 132 813 227 2427 653 2717 2116 5011
75 0 1 2 8 7 9 4 6 69 3 14 5 155 138 11 28 120 583 15 12 16 35 13 27 10 23 112 176 20 63 1671 24 147 919 17 107 62 102 8734 47 72 356 58 236 585 679 199 22 41 98 2067 33 3676 907 49 37 19 2616
76 0 1 2 8 4 5 3 7 9 6 2060 27 14 16 900 867 10 22 63 30 869 23 11 121 28 155 12 126 13 17 24 21 19 3992 8095 6402 65 112 50 145 1315 104 18 549 26 39 35 3408 199 404 88 62 148 157 999 44 15
77 5286 896 1395 5582 103 32 52 899 3160 5848 299 184 59 2942 9710 1593 235 342 331 3884 45 6745 135 2258 301 501 254 2533 533 81 720 92 776 8733 70 2378 273 604 715 5872 647 113 71 123 244 56 1333 513 851 4959 1638 3603 1251 1258 1352 1122
78 96 624 391 32 2371 168 731 632 325 48 2282 443 789 1643 7895 8702 375 53 59 946 524 316 2431 1395 1981 49 2296 3057 135 1476 390 2943 203 104 117 1697 285 4864 9832 77 346 145 105 595 129 637 356 94 549 8116 1465 100 70 8015 211 4350 1194 178 510 3284
79 485 152 71 87 98 50 53 57 206 34 36 96 679 51 25 277 545 81 123 7584 899 1734 372 70 137 24 89 1917 164 18 26 267 5350 9514 782 60 97 74 227 1122 2019 6087 1896 4551 229 52 47 8978 88 476 5851 1482 6165 583
80 0 451 655 1065 422 1256 148 542 382 619 137 2136 2168 94 136 9335 1 1195 132 330 1321 2198 55 426 1584 149 5209 95 1152 154 545 76 7373 2 948 111 5801 8672 185 1174 659 2759 3884 726 971 4099 762 990 3166 77 1153 9311 7908 8272 919 135 98 3826 496 738 155
81 0 1 2 8 9 7 3 6 4 5 1671 14 11 3097 27 155 2848 19 13 138 28 16 15 12 63 65 21 10 355 17 121 18 6656 22 25 139 32 907 29 95 20 5091 120 655 31 43 40 1200 96 309 30 708
82 3457 58 24 54 252 125 62 126 7677 73 339 41 137 725 36 56 494 49 96 61 1734 23 229 42 253 999 841 101 80 46 829 426 74 432 112 3502 2967 128 124 264 484 3142 37 109 113 1447 517 2717 166 662 250 4597 131 1401 135 914 9542
83 0 2 1 8 7 5 9 3 4 138 6 3244 11 19 37 35 21 14 23 28 1495 38 155 22 253 13 859 18 119 372 410 49 29 3684 1656 43 69 106 12 6577 71 54 147 40 88 41 4090 15 355 129
84 0 1 2 8 4 5 3 7 6 15 621 9 14 138 28 27 11 22 29 12 20 38 10 34 16 6049 176 117 17 65 468 82 13 74 62 84 57 3222 285 157 919 968 55 23 114 48 1283 5276 86 49 2713 44 63 371 9047
85 58 384 5605 3024 88 1757 332 7876 1398 240 5641 1295 36 3569 249 1137 609 1344 516 626 2652 615 2730 363 574 409 50 458 216 938 403 46 762 1506 970 119 2397 4985 1756 422 6787 1393 417 34 4606 2144 4281 3224 2432 1256 2757
86 0 1 2 8 7 9 3 5 4 6 14 15 27 11 28 19 13 16 10 21 69 12 138 23 20 17 120 18 72 62 22 199 155 35 37 30 45 236 121 3110 38 26 24 1263 25 126 968 869 303 44 139 41 82 63 193 58 1334 54
87 909 1388 513 281 130 663 882 3053 2825 1073 55 426 39 789 108 624 1850 70 197 2526 121 377 35 3489 81 371 92 725 995 267 116 625 451 31 299 1725 2334 4460 180 23 331 669 4040 332 4589 9542 501 104 526 6915 134 979 7013 715 72 1152 632 949 583
88 7727 957 5668 9593 156 5778 2316 211 510 83 1571 1468 50 7777 173 363 146 549 67 6831 168 928 76 80 278 113 879 1223 345 659 85 48 209 282 161 1627 9957 117 235 4329 53 183 259 896 110 82 2020 829 1437
89 178 268 156 79 348 726 199 146 5773 53 66 233 48 751 3706 131 867 161 3137 1757 118 102 4618 596 112 111 43 1340 159 68 671 8528 636 107 538 34 1601 484 40 145 424 240 100 2244 625 256 31 135 3526 272 4537 9054 5643 2857 873
90 4171 2899 45 3457 158 9054 31 120 33 2371 655 907 157 1554 4023 32 8402 47 184 9886 83 60 140 1189 309 58 56 330 43 1452 135 210 331 679 708 2713 90 72 410 164 4977 64 79 5895 7718 118 9957 39 1065 3248 7709 139 44 300 130 25 3977 54 638 119 111 4829 686 1440 148 720
91 2685 2741 1287 1016 1691 228 2492 2020 739 2477 5850 825 2654 9127 306 1119 7315 843 8438 647 4370 210 1227 387 3003 4581 534 202 881 4289 970 644 4962 183 452 1452 7167 211 244 445 7607 375 1091 2033 3066 374 339 327 5275 421 663 962 501 680 5664 2905
92 107 6698 1737 41 152 6459 45 316 62 106 193 74 56 2513 166 236 21 132 2841 42 49 442 671 38 144 595 52 797 46 9305 57 4500 122 5990 47 1799 3158 59 90 356 1714 231 100 30 914 290 7850 159 32 545 71 1434 253 145 5546 82 1583 81 5448 60 3160 33 229 621 6769
93 80 8454 158 3483 2659 2930 56 7048 66 49 50 125 624 4688 751 119 146 1005 105 152 647 124 915 48 114 7081 149 250 40 44 409 85 585 1168 3194 90 342 106 4067 1412 54 193 1027 249 712 561 1584 99 2142 750 5336 542 8802 2285
94 4281 1506 273 857 2819 301 332 1008 552 4157 1151 1412 727 8993 881 258 1783 632 782 162 7708 3458 1031 1627 824 59 105 2185 764 1750 77 170 1000 8492 5483 681 225 68 67 735 133 91 5626 79 88 1344 830 93 4425 619 3428 262 132 325 2120
95 68 140 8992 3420 195 511 2132 6147 519 1521 114 2348 3293 1564 7275 2791 662 2431 222 742 3033 3769 200 3441 929 3348 9039 105 7081 503 5390 3692 1017 2654 116 127 91 1628 211 9017 147 381 6913 342 2670 3689 55 3995 8901 3199 228 2316 968
96 2003 90 229 120 88 1951 3457 71 1122 33 371 38 252 6656 309 69 485 948 715 7234 18 3708 95 1597 404 83 123 50 145 442 64 206 184 301 737 2240 62 74 108 3923 176 224 196 46 27 81 4288 53 156 671 6459 4148 59 227 75 119 329 32 6222 513 1558 2088 8094 8454 6057 372 609 1572
97 0 2 1 8 3 4 6 9 5 7 14 27 11 15 21 12 138 5381 176 69 10 23 28 17 13 6102 19 20 16 164 1954 18 22 2780 5276 4142 34 84 24 2889 29 72 103 329 426 78 1395 86 107 65 92 37 482 4301 36 62 63 249 737 57 290 9584
98 0 1 2 8 9 5 11 3 3097 6 7 4 27 14 15 19 10 12 62 18 20 44 69 26 72 41 410 38 139 17 16 121 52 82 120 58 2148 35 236 40 55 56 21 25 23 45 5394 915 157 797 2039 927 2478 7347 229
99 0 2 1 8 5 3 9 4 7 6 138 14 19 15 11 27 17 10 69 6604 12 58 61 20 16 18 482 84 37 686 45 13 29 120 32 39 97 74 2153 161 28 2478 30 36 33 96 583 63 252 2955 1077 7234 1954 166 907 6402
