500
0 5715 2962 2240 2 935 1668 9968 3894 321 9007 8994 7949 79 2555 5962 2288 7652 7762 7153 3074 5412 3982 3012 8125 6938 427 6258 2643 979 6101 6054 2121 7699 6613 6547 7413 2986 4199 745 2340 7883 4020 4326 1774 9244 6327 9533 7880 7296 8387 1625 569 7709 2327 3758 3877 352 5762 4340 9301 3936 7240 259 4314 4901 6584 9129 9075 183 3830 6827 5307 4855 5748 8005 1984 9842 5869 7120 7438 9199 4035 7736 9139 1299 3163 3836 412 1534 8293 9848 4985 8711 9545 8722 9930 5880 7732 9270 6030 5437 8130 1343 447 8431 3111 450 8043 1979 8134 5064 148 3885 6538 2666 9834 5677 5340 3521 3543 4352 7285 7429 8406 4909 9453 1134 7575 8491 3316 3586 8644 2790 9265 1105 3783 8716 1238 1383 5507 7852 4728 9013 8193 6692 2892 6986 5445 5862 9903 6534 1042 6134 6044 6482 1496 4341 6021 6778 7055 8069 4624 9224 4377 205 3023 1956 9197 2264 1353 2128 8495 5848 8470 6537 1670 2904 6020 780 420 8812 5219 5917 7219 3584 2422 1117 1871 8910 6296 7968 6635 5775 3753 9160 6672 4527 1752 3376 1289 238 7713 732 5099 2615 1429 3371 6467 7864 374 1125 8830 7874 9299 5458 7997 8671 5248 2437 7001 199 5326 2704 7791 1763 8284 6170 2175 847 1524 8212 2685 6082 4362 4107 9669 4311 8498 3728 7517 2013 2155 6920 5097 625 4027 2630 1454 139 1731 1557 8140 6470 5788 7012 9374 8462 4129 3261 9990 2414 7545 4664 3144 5053 843 5322 838 4679 4786 9659 9461 6049 6458 4958 3077 3379 5156 4531 6153 300 707 7782 9483 2182 7234 3032 4824 4180 4457 9852 6141 4071 6404 719 4765 8209 7759 8183 5386 1601 9043 925 3113 7179 3602 9138 9443 5643 1058 84 3106 8618 116 9404 4134 9688 1121 76 1552 6014 2662 2983 6978 135 7806 5448 5341 7049 3050 8105
1 79 321 2240 6613 2962 7762 6938 3936 8387 8994 3012 3074 9244 1668 2555 7153 7699 935 9968 5748 1534 9533 5880 8134 9007 7883 9129 5715 3543 7438 5762 8491 7949 3877 7296 2288 745 6327 9842 4035 7880 9848 6547 2 1299 4985 3830 4176 7133 6538 3103 412 3376 3894 4352 8431 9615 2155 6134 7732 979 4855 2340 8116 4314 7652 4326 1429 5869 6258 7713 6534 4340 4170 7992 9199 3783 311 569 3584 2114 6030 2349 7669 1979 4199 9086 4664 4901 2858 6161 1710 2052 105 3023 8841 1625 9930 447 8470 4539 5219 7 9023 7575 1348 1216 6467 3885 9139 5783 3004 650 5437 1984 7120 6270 7266 9270 8794 6712 7088 9178 6465 9075 3032 2904 952 6611 2407 8125 4377 7751 3521 6545 1375 2439 523 1476 5064 9903 4501 7055 9931 9731 4151 2158 8832 8235 6360 4558 7240 7902 6428 476 1784 5446 7413 4660 3371 647 2630 1149 1560 7267 1647 6778 7456 8343 6187 7795 8396 552 8663 369 8212 3158 3043 5898 5072 1121 477 4400 3432 259 9107 3982 1571 2480 6967 8227 8920 6281 2943 7193 1256 8248 1358 2136 9215 876 3006 2643 8528 3827 4060 9565 9573 5677 4222 6458 2192 9349 9265 8487 753 6744 1750 2346 1252 6899 1083 4311 8883 3961 3146 3427 5003 2773 3541 9453 4948 2413 88 8907 7899 2898 6049 8293 427
2 2240 6613 3936 1299 7153 9968 9533 9545 79 3894 3012 9244 8462 2288 6101 7883 4314 5715 1496 2555 7949 4340 1105 7296 1134 8284 8043 7429 1145 221 5445 7204 352 5848 7438 9040 8406 3877 4045 9008 7285 8423 9224 7709 2699 6584 5752 4923 5307 3964 9465 3395 4801 2058 574 6621 2003 949 2426 8599 9114 6306 208 1657 9615 4624 2005 5038 3792 5451 7845 155 541 8068 511 8062 4527 8812 7355 6054 2611 4286 199 9444 1401 6889 3981 3377 2962 457 8711 3521 7474 3869 5899 3032 8609 4526 4787 1091 761 3533 7790 1763 2322 6687 5029 6737 3468 9713 712 6672 6938 200 5412 7997 4341 6675 5006 545 6258 3079 8922 2537 8344 5339 6827 5251 991 2875 951 3700 5507 3944 3285 7742 4760 3751 5547 7085 8685 427 4958 6216 9230 4385 2847 8145 6060 2518 2569 2150 8644 4909 2183 1774 7413 2986 7652
3 79 427 6613 9007 3936 8125 2240 935 7699 5412 6021 5880 6547 4531 9990 7240 6014 8958 6608 5401 7713 7105 3232 6692 2615 8332 9955 7630 3914 1546 2790 4928 5064 3077 838 9219 1956 776 652 6482 4004 4234 6178 6534 8716 9404 3240 450 7710 6635 6067 250 9347 3304 4399 468 2475 2679 5340 2304 8671 2263 7206 518 2595 7519 7652 2666 4345 2533 5295 6465 7333 5359 7736 6986 8121 5821 4985 3561 4463 395 583 3926 2857 6492 1670 6141 4350 7933 7077 4230 2670 3363 4423 9464 4093 2704 1105 8053 4679 2060 5772 5860 1139 8269 4367 6630 8092 267 1454 2209 5964 5656 205 925 8722 4343 2870 2486 2760 238 3144 8498 9677 4752 3630 8005 3163 1774 2555 2
4 2240 321 2555 3144 2986 7438 2288 3982 1125 7709 7153 1934 5902 7517 9979 1238 6447 7759 8484 148 3950 2085 3089 2768 5715 4619 7481 9160 7997 2013 1557 4967 2892 3758 8428 3958 7787 4765 7162 1979 7210 1383 813 1984 5341 8910 5921 3703 8307 6082 5862 9733 7629 8832 1611 8512 1799 1571 6424 2673 4561 7569 7652 5848 6470 443 5014 8580 412 6778 3509 9014 1343 2735 3507 8104 7987 8140 3184 1391 4034 1986 7026 367 5458 496 246 6922 9120 1246 6269 1580 8844 2668 2491 6153 188 7586 4079 3331 8439 4828 1066 5322 3051 1328 1728 6404 7786 9461 9551 850 4717 8600 2064 399 2
5 1105 7732 3316 2155 979 427 5340 4855 9533 732 2109 3830 2327 3513 5326 2538 1117 9032 560 4884 2345 8696 7379 3781 6676 3119 9720 4168 5483 7044 2260 2100 5887 6029 7486 3836 133 1790 9545 1025 9354 7694 6115 4988 9036 8185 6698 3207 6369 9510 1555 4901 2480 6855 1339 7439 4317 5885 7511 3842 1904 2818 2589 7771 8345 5090 8150 3061 6797 7367 116 9518 3784 3146 8896 6196 782 8728 5111 4108 7950 7429 5492 8797 8174 4886 5112 6771 3932 3543 4027 1504 8881 6101 7434 3720 7 3905 1668
6 4176 569 4377 4437 1831 3752 6982 5239 5838 2732 1638 6875 4626 6332 7029 2979 6528 3750 8566 6486 325 4824 9299 177 1822 557 6285 3053 4962 5149 9260 6139 425 9669 3236 7289 1287 1058 640 3371 6030 2019 4870 9265 8982 7147 1868 7198 8858 9822 5386 8880 8257 7653 6537 30 3665 8687 6903 4941 247 6731 9004 774 5163 863 7919 2028 7200 9623 8293 1323 5758 46 6292 9374 4091 9842 7361 4765 1353 9023 4020 2
7 625 3320 8116 4442 867 6550 8134 6351 9050 9991 6503 7053 6631 108 3111 921 726 5643 8848 183 6226 5572 7213 673 7023 220 4957 3125 7820 6487 3380 6652 1542 9908 1900 1739 8495 550 1534 1572 4071 6250 5175 1962 3249 2856 5504 7521 7252 3106 5194 9637 9709 7688 9600 925 2707 5997 7013 4893 8049 3981 8987 7922 847 6236 9436 8022 860 5141 5462 1524 1137 7459 1505 2121 6327 7762
8 5193 2867 6095 4909 937 1079 6331 5543 8445 1195 8418 7050 4180 3753 8893 6547 7048 6635 865 8887 5397 6949 2322 3326 4269 2929 7426 5304 1942 9301 7553 1042 1479 2583 8431 8644 9607 5966 3841 8539 755 5063 6739 3731 7087 8498 447 1248 1642 8794 7392 663 7756 6671 1430 2533 3835 4907 9224 4912 8507 7929 7956 5895 5810 8618 7456 8140 7948 300 2902 5219 7806 4647 8209 2128 6946 6588 6280 4664 2643
9 2 3012 8005 4314 935 7438 8193 9003 6611 9933 6134 2704 1223 4639 9640 5553 650 6549 5288 8259 1167 2951 3383 4531 1736 5155 6765 3243 6454 90 9654 6073 6790 8450 6699 2650 1498 1164 2537 6074 9398 2383 8130 6347 8756 3537 5654 9290 2001 6376 5780 6137 6899 4780 3528 1734 8342 3837 4356 9777 7126 1256 3597 3251 5636 7314 7641 8601 6967 4199
10 9758 5043 2900 5660 7615 6744 2074 3064 5099 1515 9970 6391 4786 1981 84 761 7454 1252 1510 5849 7088 2603 397 3823 4606 7012 6100 7833 4728 1950 7606 1020 691 8017 6428 9337 5948 2651 1305 5583 4214 2876 5500 2554 4107 9688 1336 254 2741 2058 4494 1763 2274 9806 475 1512 2422 6063 3022 7320 638 5645 8830 2 79
11 9573 1289 9013 3757 8105 9993 5212 3104 1260 2577 1665 9132 3602 8907 8386 3792 4783 9940 2978 1780 3543 3505 4784 6748 7180 3073 6413 3453 828 1157 7751 376 5702 9137 5580 4294 5211 8146 269 3408 5546 5156 5006 3491 6469 1562 538 6075 6650 9083 5767 5349 9898 9283 730 5033 8713 2600 4352 8125 2 79
12 9467 6458 2458 1150 7861 7304 5871 5826 4011 8210 2412 3675 527 8167 279 2146 1476 4507 5509 2404 4890 8157 647 2774 5788 5784 1149 2970 4959 7755 7740 3393 9795 8841 5445 8220 1153 454 8081 9480 5387 1365 5234 6359 8931 9259 2810 8531 552 9735 6099 5253 6669 110 670 5446 7968 7285 6153 9842
13 7659 896 6028 1607 8908 6011 6980 8325 7895 5365 8233 9580 9496 9965 5277 8733 6390 6785 2892 5383 759 8008 9197 1206 1731 6385 930 3343 2485 901 5132 910 4418 8776 6301 1557 4286 2932 3102 6895 4985 4567 9989 9836 6046 5639 1043 3047 1495 8816 6817 374 3700 8690 675 9478 8634 2264 1956 1752 5848
14 7992 7698 9191 5270 6554 9293 6071 6460 5548 3405 4348 7744 437 8188 6833 917 1628 9829 6592 6810 1583 2184 4661 7321 3567 3190 7072 9892 857 6545 1852 7267 9548 2513 9555 405 9646 8375 5604 9025 5104 3020 352 7254 3203 1858 1071 2958 6464 6712 420 3894 2 79 321
15 6281 6734 2652 9988 6170 9947 4965 9576 132 4070 2752 7856 1140 3795 9027 5662 6415 4056 4749 4801 4107 4402 8069 2617 6913 5451 7163 5457 3005 6681 9031 5710 7123 7233 6001 3937 3547 2113 7349 8217 4517 1710 8930 8579 9211 176 7842 523 8406 8711 2 79
16 3673 6945 135 7874 6020 4077 541 8267 3379 5245 4401 9800 4104 207 9666 1050 4843 6772 687 6343 838 7733 9723 7183 6920 6324 232 2203 5607 9764 2693 5122 8055 7485 4971 8506 5525 1923 7610 695 8027 9621 9982 3081 1181 4079 3728 2 79 321
17 8922 8078 7852 2444 6786 1761 7280 6187 7788 1123 3504 7216 1405 9351 2608 8169 9425 3049 7622 1601 3079 8109 7347 8814 7335 6021 3172 3160 3362 5097 5443 2439 444 9604 8831 2409 2212 340 8947 5896 1912 3303 7165 456 2817 8195 2030 4068 8189 3377 6067 4531 9848
18 6502 5400 2897 6326 802 7101 5993 1546 4628 9470 3376 1081 7568 5857 2736 2171 6836 4684 4539 4378 7419 8722 2739 7290 9281 1319 76 1110 5005 2875 2396 467 9586 1770 7138 9395 1711 5794 5065 6251 3539 5471 9703 7602 5961 7864 2
19 3723 8651 4520 798 56 9704 1396 4504 3354 1948 2598 8973 4822 2569 9010 6770 7151 2676 2927 2256 5474 7513 3963 1175 6130 4636 8221 4036 6053 1658 5981 8693 221 5434 6216 5390 3251 7068 8812
20 2662 8193 843 1227 8900 5247 3714 6423 5704 6201 8726 1898 2870 8883 7243 8487 4528 4558 9428 6061 1242 668 1791 7598 6044 4302 6453 9731 3048 6387 6451 7167 8218 1702 3883 6829 7570 8775 4027 6022 3226 9169 332 977 7960 3607 4333 1552 3427 2 79
21 5917 955 6400 7036 4692 9463 3158 7057 6161 8176 3664 4313 7365 4450 3395 5019 847 7064 6374 6750 2038 3240 6802 7683 2613 9594 413 8363 1293 5166 2465 2972 2740 5129 2565 8912 639 5925 660 4354 7423 9649 1625 1299
22 9632 1581 7932 1364 1833 8686 1554 5737 3234 1176 3801 6909 6102 2239 7039 1762 3128 7369 8015 3653 5030 7439 3275 2846 7007 5389 8089 3789 6499 1719 9579 5698 8131 7752 218 6677 6842 6889 2 79
23 8863 478 372 5138 8227 7396 8040 9689 8111 3704 2125 1345 7919 2057 3 8135 4658 993 6334 3942 7202 4627 6188 239 683 2198 9144 4823 8681 5477 8904 3352 5251 246 4765 3032 3836 2
24 9273 3225 866 1329 6705 1846 3195 8932 9404 2123 3238 1939 3493 1570 7474 3745 252 4730 790 3463 8414 6070 3545 2607 5198 5964 9522 6762 9444 9476 7736 5996 7607 5523 9332 4021 7526 6355 3964 8528 5507 2 79
25 5860 5054 6024 7410 7749 6509 7078 5292 3262 9807 4007 1216 7142 8918 2176 5228 8352 1750 3684 7476 2518 6970 295 7664 5589 4232 934 7545 4913 9256 5755 1889 3092 524 7725 3268 2175 1465 5433 7579 3584 1383
26 4359 5609 9652 5756 1850 2611 6306 3465 9598 3241 6437 5802 286 22 9645 3007 8874 3820 3751 4086 3498 6261 8618 551 8702 6610 7278 9757 5052 7056 141 709 3230 7791 1276 3575 7517 9244
27 1328 2842 4705 9659 9593 3164 5069 1779 834 1686 8030 1940 3229 7811 1963 8605 5254 9248 4760 7912 9159 6616 9671 9885 1085 6625 2382 8911 369 712 7984 9380 7253 3905 2685 2
28 4399 5520 2321 9485 3681 1174 4709 783 9089 1737 5258 9435 5429 1292 7706 9199 3456 8925 2792 9205 8570 5248 7634 2002 3403 9837 1932 7178 8251 5946 4091 842 6254 4178 8106 4951 5815 6962 6054 5880 2 79
29 8836 3541 5909 4695 2543 792 75 9187 9957 4970 3319 3865 5232 1916 1937 8256 6859 3612 8978 227 575 9521 3706 5768 8014 469 8493 131 8503 5866 2413 876 4670 3914 872 2 79 321
30 9697 4069 3101 2139 7457 6544 5503 6270 7038 3434 780 5668 8142 6767 1354 1566 2414 3093 1705 7599 756 8649 2771 8990 8248 8780 4880 9742 9260 6084 358 7888 1800 3656 1281 9487 3285 4616 6101
31 8920 9995 871 4622 9608 5674 7146 6421 4060 4591 2318 8710 5726 9936 3364 1528 7367 7069 3843 9887 5502 2791 2730 9414 5942 1297 731 4698 5413 9684 5899 5677 3006 8134
32 3153 3520 5301 9181 3651 4252 325 4081 3135 7904 7998 2189 9315 1641 9364 2698 5979 4586 3576 8663 2107 5150 2232 485 5889 5605 1265 971 2464 2526 4974 1869 7845 1538 6778
33 9238 8060 2699 950 6863 8787 5995 1868 718 9325 6445 8058 7266 1935 151 1918 8927 5038 1560 6671 2032 1439 2634 4170 8986 6320 1613 820 6727 4691 1009 6921 145 9107 5359 200 2 79 321 2240
34 8068 2910 5885 6643 7782 738 4308 4414 8532 4203 3052 2393 7696 9192 4755 2866 8894 3743 6798 794 2895 6851 4066 4719 2147 5335 9775 3916 6144 7525 5645 8284 6049 238 7413
35 5286 6687 3117 6362 1077 9206 2979 895 1839 3113 753 7938 4429 6336 10 1348 6149 7259 438 2873 8614 7896 719 8090 9043 5095 8092 6961 2696 9261 6298 5795 6492 8377 8854 7135 6538 8387
36 9493 9073 6511 1685 9133 643 5656 9409 1059 2192 3989 7191 511 4212 7037 4834 6584 5385 5980 3812 8306 9440 8309 3923 219 5117 1031 5408 102 6305 1680 5386 8671 1134 2
37 8287 385 8934 4260 3870 5333 4804 4337 7260 9815 2342 4407 130 858 310 8899 5700 5216 6295 9816 5085 5992 9451 457 1142 2877 7373 6398 960 5171 5437 2 79
38 8539 9619 9216 6141 3044 2136 6853 2029 3895 329 5504 3814 1741 6986 1929 3540 2578 6893 5214 1796 9540 3305 8743 5884 2426 793 4842 4667 3863 7670 6360 1125 2 79
39 6198 6062 513 9377 9230 5661 6196 6244 5163 7040 5177 276 1219 585 5053 2911 3935 1845 6495 4034 4362 9316 767 5531 4055 7536 8815 4645 616 7318 9014 9299 6030 2
40 989 7082 3582 9931 6416 2857 9633 912 7542 3553 9791 4766 2806 6808 6683 7509 3454 6815 2392 9602 4607 7105 5846 7193 8748 2794 4324 2161 2155 5869 2 79 321
41 8223 4310 8552 8628 1141 7519 4797 3882 7351 6928 5798 3970 9498 8124 58 3969 8949 6639 7952 4431 9279 6566 5773 5526 5391 6867 139 7219 2 79
42 6555 1749 7099 6615 9026 9219 8593 210 9311 9218 3425 2326 2423 1091 1036 2653 5416 8855 8405 3308 8362 703 8392 6869 2292 6155 7720 9453
43 5362 1917 7684 8998 9139 4282 6262 2744 4342 1633 676 3772 2190 7008 7965 2489 1220 3314 4720 5872 7447 2335 5901 3811 9930 1058 7179 4311 3758 2 79
44 6608 9313 4106 4159 6354 4541 8183 1740 9780 9407 9185 1920 2787 9085 9008 5418 3637 8056 6351 5555 9115 5785 7604 2783 2275 5304 1784 7055 4134
45 6409 5933 4844 5771 9208 610 686 9865 8770 2191 8145 3670 5316 1295 6955 5519 8753 7060 1310 8989 6551 2512 3088 6953 1798 8371 5910 3219 2773 7429
46 5467 7630 4966 5494 8441 4439 5188 946 4486 8684 1218 8294 307 1137 1075 1436 5178 6729 8054 6526 4879 8554 3629 8838 4866 5099 2 79
47 3072 5339 3679 9713 4223 3726 7336 2144 2737 190 2917 1905 5323 6532 2462 3095 5224 9391 8300 1401 7355 7136 3013 4241 6222 272 3835 6438 7434 3163 2
48 2156 2871 5384 3537 6048 8856 2670 2711 2247 1878 5825 5690 9499 6338 8268 5867 2784 3227 6840 3909 164 6623 1282 8361 9138 4437 8043 2
49 6931 4941 6377 1330 528 4470 873 8598 7673 8484 1987 8028 944 6525 168 5062 3174 4939 3797 6523 9172 6587 2223 3474 1130 6280 2 79
50 5797 2764 1273 9563 6214 3080 3043 2595 8859 5501 4699 3374 5777 1569 7221 7350 2938 2647 5185 3476 4973 3278 8029 8427 1624 6260 3784 1454 3827 7759 6635 8491 2
51 3707 3513 8574 1425 4574 697 5440 3718 9376 6434 5907 7977 7199 8270 6675 7141 6015 9745 9385 5982 2721 5747 9233 5740 2
52 5989 9330 3766 9755 3077 3345 3819 1579 796 4210 3821 6666 6296 4372 889 7868 6057 1414 5875 4327 3657 2624 5583 782 8896 606 7822 8462 2 79
53 8612 2476 4977 6844 2863 2095 1204 4995 2143 3727 4888 6662 4043 1666 9655 6191 4923 1095 8245 465 2745 7647 714 5045 5063 4314 2 79 321 2240
54 2265 1241 4063 3468 9515 7085 1352 9901 3188 7293 3073 921 3596 6311 1610 1535 8522 6653 7155 6129 9374 8589 2070 3053 5676 9523 9349 3783 2
55 7177 2633 1585 3064 4828 5801 9918 708 6670 7971 7131 2692 1728 3839 5295 6369 2650 4580 8935 4156 5294 2746 6347 1367 4150 8234 5061 5713 3199 2307 2 79
56 5615 5793 7665 4610 6512 4444 656 6861 4529 8862 987 4033 4945 744 8313 6250 3672 7549 2088 8723 7092 7807 2898 8387
57 7657 6717 8150 9751 9831 3386 6550 7936 6408 6186 8136 6059 2010 7961 6491 3447 4629 3946 8888 463 6891 9271 8455 155 1822 707 8512 4326
58 583 5902 2544 8533 1449 1877 2781 7116 6479 2344 5334 5143 652 4873 4037 6496 8524 355 8442 3147 1860 2879 9323 9055 2677 8345 7204 3186 2 79 321 2240
59 2828 5719 425 9449 394 3496 2014 3222 7616 9878 6257 5126 9357 2668 8939 6282 4788 6330 6898 2597 5218 6567 7261 6528 3050 8005 2
60 9040 1106 3581 646 3683 1721 6197 678 9798 6218 6880 6323 7829 7481 6604 7541 9021 7772 9609 7631 2127 3631 6103 7569 7902 745 2
61 1145 2424 1931 4972 6184 1101 8231 5105 1593 5465 6594 2865 9370 8019 278 8658 7364 964 273 3708 5730 3270 8685 2 79
62 6143 9317 9787 829 8782 5230 4546 4047 2403 2483 1757 7618 901 5409 6941 3256 2496 4365 9871 6701 898 2320 3588 8451 5862
63 9843 648 8583 9692 4264 8282 4544 2017 81 9740 3159 5659 5257 3486 7053 9943 244 1341 4612 2168 9312 4277 9573 5088 9600 8716 2 79 321 2240
64 9979 1978 8586 3557 5103 8074 4420 2894 8891 5863 1619 8683 8698 2712 4798 6417 5922 3715 8170 4501 4234 9265 2 79 321 427
65 285 111 9582 4647 6539 7049 770 1615 9255 9094 4350 336 8290 3254 4811 7431 1040 699 7851 1212 1574 6696 2811 8582 8848 7933 2 79 321 2240
66 883 379 1083 4238 8307 4771 4171 3121 4433 690 6954 1523 7467 6414 9036 8793 9920 4537 8800 9080 5192 182 784 2
67 4925 8340 6403 3265 1032 5912 9803 4697 9236 2797 2343 5552 1997 4280 5566 4633 9677 2750 2319 2690 5818 4004 7169 2923 9955 6014 9607 2
68 3409 7115 3231 1380 4847 9917 61 1651 8499 5728 6925 7834 14 3798 6166 2639 3297 2114 8754 8337 4054 8938 1375 9075
69 8729 1924 5742 716 4727 5482 622 9433 9091 8425 1841 1969 3910 4602 1056 9124 8572 5687 1831 3603 5679 2016 1657 2 79 321 427 2240
70 3752 8332 4367 9712 6406 3104 6963 1154 7409 7425 3987 8980 18 7361 8803 7356 7939 7728 1644 9352 1112 6924 7556 5348 349 367 6082 2 79 321
71 2298 1387 6747 8508 9071 7975 4805 255 1859 2077 9722 8807 2202 7920 1807 9583 9109 6752 1026 1019 6234 4728 2790 2
72 601 3173 4397 354 9295 5278 9048 4281 6978 1941 257 9846 2003 5855 8333 2454 804 7289 2591 1332 7786 3243 4400 9719 3965 4057 283 9290 8599 2
73 729 1472 6370 6622 7276 2474 5430 8852 1871 5026 874 66 4416 8461 1209 9904 366 6367 8789 7771 6060 2340
74 1471 8358 1521 8878 5373 6809 6189 6476 502 365 2341 5655 1259 945 8824 609 5442 225 9805 1542 4988 3586 3023
75 9961 455 3375 6673 7489 5342 554 1855 8688 1452 8179 2542 4065 5468 8087 133 3699 9716 3864 8885 7435 8062 2 79 321 427 2240
76 2165 7708 3555 4002 4148 5172 3284 9005 1290 3120 3808 9116 3098 2735 8254 1247 8230 3666 6952 4095 3363 267 2666 6672 2 79 321 427 2240
77 2990 836 284 3755 2885 6743 590 4946 7806 5329 4216 1423 2855 8784 3312 6321 6860 6413 700 752 3267 3757 2818 8396 3304 3163 2
78 6163 468 7004 7041 8571 2486 3025 8822 5534 3154 2601 5318 3530 1183 1786 7200 3497 6997 8260 7452 5834 2274 2100 199 2
79 3220 9065 1773 8708 2000 6627 6691 1169 9635 8600 6999 613 6991 9721 7205 4584 9786 6274 5839 3089 7669 2 79
80 7737 2305 5240 8790 9162 7508 981 8562 5897 7399 7075 9997 9605 5913 451 564 8133 2505 1301 3781 7234 867 2904
81 6817 8319 6640 6918 7948 5060 3840 9047 6507 673 3889 7302 264 9667 7692 6773 3747 8031 72 6484 5441 654 2630
82 7688 5124 2278 5459 7291 4224 8336 5164 6427 4100 126 9746 1407 3495 3417 8714 4253 1835 2407 2 79 321 2240
83 2939 1491 8982 1933 6473 3590 666 6838 1044 6914 1208 8331 2008 501 9292 3610 5800 44 9728 7899 6391 2 79 321 427 2240
84 1192 3056 9045 5407 7796 765 7185 7154 7970 3853 3036 4596 8829 487 8652 1122 9302 6619 8453 6487 6967
85 6465 8580 8456 9711 3233 7537 8473 8486 1464 7742 8052 118 13 557 253 1531 8632 4954 3355 2401 2294 6381 4385 3184 2 79 321 427 2240
86 2066 8077 603 670 2112 8700 2568 3349 1377 4285 3535 8122 9838 4997 3665 9066 3817 1097 1060 2651 2052 1121 2
87 4916 9253 3494 1959 8203 8480 2580 4080 8400 2729 83 2982 5703 5358 6896 6051 3432 5401 4526 6054 2
88 1306 8531 2570 8858 6193 4505 4641 4249 1953 6087 9544 8168 211 3313 4102 8350 6865 2604 7353 1731 742 6470 2 79 321 427
89 8373 1205 4123 8156 2674 6984 8578 7239 3831 1004 6578 4243 6519 5861 8286 9135 3066 5109 6482 3371 2
90 5466 1051 2266 4614 2589 9624 5592 8403 8581 9501 4300 2164 9442 3897 6530 7859 8198 4929 5194 2 79 321 427 935
91 4497 3802 6680 4468 8113 6092 4572 5515 1139 1463 1356 1478 3441 1255 4651 172 7643 212 4222 7511 2 79
92 8516 1366 82 3330 7681 2433 2150 9114 722 2302 9262 5268 2612 7448 7855 5567 9569 1769 3255 2349 4680
93 787 7602 6175 1606 8556 517 7127 2767 4092 9505 122 8928 2798 7560 3149 9507 1682 174 3748 1289 2 79 321 427 2240
94 1132 9056 8044 3241 4188 3015 7063 7090 4389 7754 5330 6656 9657 499 5813 3178 9359 39 4341 2 79 321 427 935
95 6148 3669 6768 3307 505 6140 6651 5621 6075 390 642 5998 734 8880 8224 1834 3058 1793 1904 2340 2 79
96 7024 2994 2966 2149 8308 5587 9528 7197 9676 1992 1124 4548 3562 1430 6698 9994 1086 6949 8304 6029 6067 5307 2 79
97 3552 1156 1267 3100 7775 915 8252 7463 3876 9874 3290 4361 7108 6034 6230 6674 7077 5775 2 79
98 6388 3762 9822 9804 4857 1370 5678 8549 5865 7045 3269 4129 1034 6412 6283 7095 7000 123 2615 2 79
99 956 6702 5904 4491 6468 2201 9912 1277 882 1041 2376 4774 4569 8936 5716 503 3099 7820 8212 2
100 8538 34 9252 287 9749 9830 3356 5950 8870 2185 5693 3856 2929 6459 3429 1971 3736 374 3379 2 79 321 427 935
101 101 5816 6195 2884 2968 4819 6083 7821 7802 5406 9400 4295 8981 3871 9681 4162 8071 7474 2
102 33 9015 3320 7885 243 7739 7780 8386 5831 8388 5355 8478 1781 7719 933 3804 5887 8842 167 6404 2 79 321 427 2240
103 3697 5658 2906 6028 9083 5536 9581 966 4462 4898 5565 3381 489 1411 1775 2926 7893 6915 8687 5457 2856 9032
104 2774 5787 6895 1327 2299 6960 4677 5894 2844 4193 400 3538 3956 9063 4635 2961 345 7143 2943 7864
105 7170 3110 684 8465 482 4905 8452 2062 8243 441 150 3630 324 786 5630 9820 9167 6464 475 574 9129 2
106 4299 8967 6490 4799 4117 8419 2452 4937 4455 8067 9750 4903 2946 1098 3263 5632 7473 5696 6458 9834 2 79
107 2355 9606 8523 8810 3479 159 2753 3729 1907 6126 6736 861 1789 4511 8677 7054 4660 4314
108 949 771 529 1794 8172 1776 1567 2551 2795 8837 3165 6738 7400 5269 8036 1233 2005 2 79
109 7747 8114 4464 178 402 7110 7030 6042 671 8154 6598 958 6516 5868 281 6251 675 2
110 5067 1303 8765 9096 157 454 2887 3533 7034 7086 3054 1287 2446 8715 4832 9986 1072 8176 9638 6170 5326 2 79 321
111 9149 521 1296 5151 5180 7337 1335 6303 4358 5770 4886 9254 7316 667 1696 9876 7978 183 2
112 6105 5623 6356 4293 4739 2431 674 5379 5738 7677 9691 733 417 6478 553 9368 6737 3885 2
113 5161 7333 5505 494 2559 3485 6706 7980 4672 4173 8037 7769 1697 8592 2988 9480 5322 2 79 321 2240
114 2416 4693 3114 4245 4240 4026 5966 1942 3509 5044 1533 835 4984 7160 5189 2965 2411 819 271 90 1246 843 1117
115 7889 3813 476 1631 5732 6618 2954 5280 5751 1826 4821 6883 4944 4704 3510 6636 5735 76 3885 2 79 321 427 935 1668
116 8236 1608 5558 2463 7454 514 6365 1264 5108 2346 4213 3566 1133 5695 4644 410 1445 4878 5097 9688 3144 2 79
117 3024 1884 3046 2279 548 4258 5131 4254 5840 8573 4669 5162 9384 323 6044 2 79 321 2240
118 3702 3416 8239 7572 8151 5351 4840 4179 5082 7632 9268 2586 5746 4110 1049 4924 8756 2 79 321 427 935 2240
119 5724 5145 1962 9789 9348 3460 6302 4803 8712 175 518 7320 1373 1179 9264 330 5997 7795 7026 343 4481 4442 776 3961 84 2 79
120 6477 1661 4583 134 8905 9741 353 3109 6630 8097 4963 9335 8985 2731 9858 8121 9130 112 9169 6875 4928 2 79 321 427
121 3549 5688 5666 5271 6774 1016 5206 6724 9735 7881 8555 6225 965 7789 2071 8320 5090 5072 5234 2 79 321
122 5343 6560 5651 6812 2640 5356 6787 7637 5029 9656 7606 3004 3157 1185 8269 8242 6993 8871 5086 8719 2
123 9087 626 4726 1457 1369 5929 8360 6695 9431 8762 2358 3806 815 7212 5547 3967 2673 2 79 321
124 9174 2325 1722 1147 1806 6401 3999 5110 2546 1848 6617 1930 5182 2553 2516 380 2019 6292
125 4714 3926 5541 2286 1426 8042 5692 713 9041 9551 2896 3776 8428 9911 8969 5548 1678 6020 3103 2
126 304 7815 4015 3414 6973 6168 8338 9324 3134 9042 4226 4347 2545 1964 5317 7210 6082
127 7071 9538 2697 3648 6089 1980 1847 2109 5179 4192 1829 8798 5481 6436 300 5349 4317 7133 2182 8716 2 79
128 4813 8977 3167 952 7018 137 4845 7770 9861 4084 1809 6112 7486 6956 4369 5497 2072 5871 3842 5780 4624 2 79 321 427
129 7611 3008 3932 1694 3348 4133 1118 507 5670 6758 1307 7955 5260 578 1647
130 2055 7180 760 8410 6718 5911 3244 9327 4391 8390 4349 9668 8959 4382 6032 9029 1625 2 79 321 427 935
131 7686 4831 6040 4307 4029 3508 8636 4573 9338 1402 4733 6267 8279 2681 299 2422 2 79 321 2240
132 234 2116 1501 1381 4039 9558 362 5593 1351 9341 7027 7137 4875 5564 9921 7765 3303 2 79
133 4218 7379 4707 2540 7563 7909 8117 5068 7012 7325 297 4858 1363 8021 5308 8844 1238
134 7663 6990 953 7639 6633 9235 7252 6358 8139 5321 6709 8365 837 2263 1067 7710 9731
135 3561 6728 7675 6603 8853 9717 4566 6248 2323 8148 4702 4411 2925 1317 6429 3022 2264
136 1867 4777 7930 7484 9186 519 4983 4271 1010 7451 7597 9734 4449 7641 5917 2 79
137 2466 5367 2384 7477 5514 3515 8535 2432 1972 5596 1272 1675 2616 9770 163 5302 1149 3023 2 79 321
138 5125 8766 3259 8181 7444 2037 2244 5241 8699 929 4785 8084 600 6123 7432 5368 4679 2
139 6937 9194 6992 8890 6881 6449 9044 3391 1064 4126 715 6300 7513 4967 1496 2 79 321 427 935 1668
140 685 881 7192 3580 6996 6077 757 4078 4013 3176 7117 8119 1950 2552 2615
141 997 7756 2660 5637 6795 5002 7547 1586 7156 7979 2050 6541 900 8968 5396 3728 2
142 8095 7173 6849 4487 6942 7472 9405 7331 4731 7329 6979 5817 5300 4948 7626 8604 2 79 321 427 935
143 8670 5293 2782 7059 1465 1159 2353 1107 6133 5708 2788 5743 7521 1043 6447 545 6486 2685 8130 2 79
144 1646 7461 3215 4522 9426 9362 2304 4793 3116 2101 9188 3642 270 7613 2194 2 79 321 2240
145 3880 1007 985 4556 8736 3411 8864 4565 4040 7972 5444 2837 7586 662 9942 3081 2
146 4575 1360 4737 9164 6800 8659 9030 4836 4257 5671 3506 9953 863 3818 3451 3023
147 8966 9200 1866 8004 2064 4742 1481 6205 2313 5112 7228 546 388 4757 6115 5784 2 79 321 2240
148 5186 2215 2539 4053 2339 1888 7969 1708 3415 7044 3901 4577 7779 916 7147 6765 2183 2 79 321 427 935 1668
149 9460 9710 4589 7781 8263 9090 2289 6389 8529 9757 3722 4938 4379 8566 2 79 321 427
150 8025 2211 6659 822 7716 5721 6777 6968 2515 136 303 9443 2909 4815 3869 9821 3753 2
151 9152 1084 8530 1623 5244 3975 6154 7405 6919 9102 5027 3016 6052 7858 2 79 321 2240
152 3634 8850 3705 7485 5628 3003 3807 5135 5744 7256 1477 9675 6469 2 79 259 321
153 9636 2890 5836 9592 9305 1849 7946 2365 6 2524 3661 8298 8205 1611 7733 2 79 321 427 935
154 2105 6843 4735 5804 5023 6124 296 7767 115 6150 8180 3638 9511 8343
155 559 446 1892 2933 9933 2389 411 7841 1441 439 3086 5581 8163 2449 7848 7736 2 79 321
156 3087 7993 2218 1262 4741 2111 2295 624 1400 6393 928 3524 2097 1389 9050 7751 2
157 202 4674 8103 3151 8302 8889 1413 2808 215 5402 6456 7991 2741 4168 3463 7852 2
158 3021 6266 4908 6964 5647 1337 854 9392 1315 8639 9034 2366 535 2499 376 2 79 259 321 2240
159 1020 4514 9802 3717 2682 7442 2992 3325 1368 3210 1213 1412 5450 8622 6324 7459 991 5752 2 79 259
160 4744 53 6000 5352 6685 4975 2550 4320 4837 5035 2186 8747 6190 2533 2 79 321 427 935
161 69 2160 1039 6418 3422 7691 4284 8061 7372 9296 5638 8416 5264 8706 4549 3125 9615
162 9481 472 2713 5438 8488 3141 8773 6506 7903 1344 9430 1745 8423 5783 2 79 321
163 1263 4242 8057 9408 8746 6888 5923 4551 1880 1966 3096 9964 4752 443 2 79 321
164 9309 9336 5098 7721 4493 6086 4960 3991 6582 1231 5101 888 6897 2135 8887 1150 2475 9013 2
165 3998 8964 1394 2018 6834 9543 9163 7753 474 3563 4289 5953 5259 1498 2
166 5388 9416 9369 268 7617 5034 9708 152 2571 7490 2120 9761 4071 2 79 321 427 935 2240
167 4787 6364 6573 5 592 3609 4721 7209 9182 777 480 7860 408 9666 9086 4377
168 206 6176 7500 1552 1864 140 6131 4816 1873 7499 8464 973 3523 9886 3427 2 79 321 2240
169 2049 5350 5183 1451 8502 8995 5597 2468 1550 9176 6241 1944 4962 2 79 321 427 935 1668
170 2747 1695 5078 8214 6485 3344 9707 8564 7951 8673 1129 7344 6766 5005 9367 2 79
171 2096 170 4304 8809 5905 4132 3336 4564 6256 5941 2519 2171 3232 2 79 321 2240
172 2799 4478 9898 77 9939 4031 5584 8098 8367 7383 4087 1 3579 2 79 259 321
173 8177 4266 9241 2456 2369 7989 9175 8734 8329 1160 2001 689 7307 4712 2058 2 79
174 6045 2549 7006 5557 4343 5934 9753 5682 977 862 3129 6981 4571 8970 5399 1092 2732 2 79 321 2240
175 9141 2532 8295 250 3458 8744 4671 4649 9070 9101 6352 7501 8898 4710 4180 2
176 3990 4532 8975 8481 4807 9862 4912 6287 166 4808 6313 7244 4236 2607 8495 2 79 321
177 8662 7262 9736 2621 4882 6595 6346 9051 1814 1958 9436 1397 3261 2 79
178 5096 2329 1805 526 1960 1470 8247 6647 9173 3532 2177 851 6494 8601 5543
179 3691 2117 4309 4306 1408 4933 7561 3461 2391 8937 7299 8738 4907 9215
180 6213 3394 3291 5200 5331 117 9971 8289 4228 4891 1901 9616 311 2
181 3859 8630 9412 9732 7777 9640 5009 1627 6122 1361 2262 5969 7203 6722 3172 2983 2 79 321 427 935
182 5454 6731 2417 2047 3286 5456 2527 203 5369 120 2728 633 6789 9825 7929 7087 9013 2 79 321
183 3309 5153 6650 8137 1674 7496 4274 56 5870 2271 9832 8102 571 7680 3145 7280 2569 7950 1429 2 79 321
184 7566 2998 4851 3687 7504 9938 6173 637 4474 71 3568 7601 4104 8055 1790 2 79 321 2240
185 2680 9069 7415 3276 7679 1785 1555 5417 1587 631 908 7028 9618 1956 8284
186 5119 4127 751 4559 5796 5772 7389 542 9627 5652 4475 6104 1658 4423 6625 2565 6537 2 79
187 8275 3392 9411 6759 9275 1985 5920 2860 3976 6223 9306 1492 3156 9137 2 79 259 321
188 1127 969 7079 812 2590 7247 3585 3522 878 8429 2234 6693 5754 9795 8696 2
189 7633 2644 3365 6425 758 4778 1562 326 1988 7668 930 4795 7227 5560 6296 2 79 259 321 427
190 3958 4330 4949 6521 5215 2882 728 6900 2293 6010 1536 880 6588 925 2
191 7582 4534 1851 9945 214 7093 5201 1957 4402 6825 5223 7574 813 1746 3481 8259 2 79 321
192 6576 3035 5479 2152 8876 5106 3518 9303 3700 7207 3721 2883 7065 3007 8251 2 79 321 427 935 2240
193 828 7342 7894 9153 1656 3678 1066 8249 4513 7385 1340 9379 5821 2 79 321 427 935 2240
194 5893 2655 2872 4686 992 1017 2197 9438 7314 9383 2635 2206 9565 105 2666
195 3531 7482 1395 1973 3662 8162 8610 4950 7386 3696 2827 3783 2 79 321 2240
196 9833 9932 4906 2324 2248 5338 9896 2485 8238 3777 4865 9247 8507 2412 2 79 259 321 2240
197 6862 9285 2308 5928 9845 2815 4654 43 3122 5569 6025 5193 1876 399 2 79 259 321
198 1788 6940 7884 7672 6831 2115 7407 2290 3756 805 6192 9738 5248 2 79 321 427 2240
199 9535 6543 4244 2237 1120 823 32 4160 240 9954 7550 755 2179 9381 8663 2 79 321 427
200 96 4154 233 3997 100 8709 8758 8296 196 7487 3742 4432 4619 2 79 183
201 8672 7585 7393 2141 8389 4051 2297 9868 1230 1955 1003 3875 2 79 321 2240
202 3977 9701 1874 5313 1181 5983 2233 4211 605 3948 9111 3775 4743 6739 7987 2 79 321 2240
203 2562 7241 6975 3732 1311 2269 8594 5957 26 5758 1237 1336 9771 2333 5553 2752 2 79 321 427 2240
204 6933 4169 522 9027 1832 3277 7596 9025 3754 63 2947 7849 5993 2 79
205 641 3431 3166 4687 7284 8033 3857 1614 9198 7967 8129 2255 2858 2 79 321 427
206 9992 6174 7854 3360 7323 2210 4070 8143 7281 6237 9984 3832 3470 7426 9852 2
207 3428 8505 8093 2820 3972 3318 7628 1865 4177 2228 9483 2 79 259 321 427
208 9495 1590 7562 490 3214 8585 5461 9432 983 6035 8519 4871 3195 7219 2 79 321 427 935
209 488 6518 138 2709 3273 2361 1981 2930 701 5973 5031 319 1489 4989 332 7254 4843 6945 2 79 321
210 2375 9610 5522 9530 512 7605 7746 142 8310 2093 4507 4802 2 79
211 7564 3884 1055 5909 7590 6740 4393 2227 165 1529 3913 1522 6226 2 79 321 427
212 8705 1178 8515 3862 7581 7272 2199 8175 9872 4415 3925 1081 2128 2 79 259 321 2240
213 3888 8026 5986 4991 3866 8615 2445 2104 8866 2657 2491 2 79 183
214 5956 1782 9840 2406 7161 3115 193 8197 7907 2973 3641 8919 7206 2 79
215 7831 2833 4256 2167 1576 5187 2661 1191 8051 926 3368 3547 9160
216 4703 3852 532 4510 2722 4782 6116 1048 7025 4099 6099 4786 2 79 321 427 935
217 3084 9559 1715 3847 301 3937 8474 3554 3060 4613 6741 2576 5767 5341 2 79 321
218 8265 3565 1461 1197 9883 7808 5375 7397 1800 1717 976 8792 8344 2 79 259 321
219 9202 1050 4453 2079 5022 3616 8701 1226 3837 1994 7042 9300 6570 3047 8193 2
220 4736 3337 5617 789 9928 4926 6577 2252 8526 7009 3984 4527 2 79
221 7837 6581 3664 6977 540 7693 8720 9144 6018 7235 698 2205 691 1548 5704 7179 2 79 259 321 2240
222 9298 1556 5287 788 1961 4147 7702 5799 9650 5275 9119 6014 2 79 321 427 935 1668
223 7321 7406 9098 6905 4025 3433 9097 3528 4198 4028 4935 9809 3260 8391 5580 6061 2 79 259
224 8501 8518 7921 5634 3397 7813 4562 8961 3322 2602 7551 955 6482
225 8250 3034 5113 309 8514 7792 5951 8023 8653 6203 3293 6139 7029 2 79 148
226 779 9976 4214 7745 2903 6614 8186 1444 1236 8558 2902 3380 3795 2 79 321 427
227 1177 6309 4375 6002 2390 9145 2805 2398 396 773 4364 8460 2 79 148 321 427
228 54 3148 7707 28 9291 3446 5578 5040 5890 235 8843 8307 2 79 321 427 2240
229 4145 6110 7752 9674 3354 6894 9566 8834 6038 904 6908 4010 6716 8209 2
230 169 2785 2059 2985 493 6472 6262 8123 7591 4648 496 8220 139 2 79 321
231 6935 1314 7310 4917 2034 5824 9637 1224 2802 9491 7360 4588 4093 860 2 79 148 321 2240
232 4401 2331 6050 4835 6574 1943 8440 80 4209 9926 7901 2 79 321 427 935
233 1186 5680 1838 5448 7996 9527 6780 8795 7224 8466 1428 3437 3883 9733
234 2030 1919 7862 2222 7697 8732 9344 4421 3169 8724 6440 660 2583 8841 2 79 321 427 935
235 6387 7621 3507 2669 5631 602 3473 2036 406 1469 6145 791 7922 6232 1799 8105 2 79 321 427 935 2240
236 1667 9611 2124 2041 5903 5582 3069 1052 4403 1234 8831 6652 2414 2 79 321 427
237 948 5134 2377 8992 737 2238 2481 7188 8646 9869 5649 3213 9990
238 8676 8152 55 8376 1639 6457 3621 7422 3288 404 7013 527 2
239 4278 1271 5042 9873 2960 7033 8661 3845 4056 7981 9541 2534 78 9794 7233 1353
240 6799 7773 739 431 6805 6461 3850 7819 893 9239 1743 2184 7755 2 79 321 427
241 1162 3983 2596 6375 3860 6628 2936 6466 6373 6648 8881 2480 2
242 504 3701 1119 1424 5393 2868 8202 2438 6160 8469 7363 3652 1900 2 79 321 427 935 1668
243 9772 2594 9245 8827 1952 5115 3689 3529 8624 7469 1622 6178 7902 2
244 5395 497 5144 389 8742 7225 2718 3105 3526 4175 208 2 79 321
245 6565 9867 6113 7503 7408 4604 260 9567 2421 597 5554 9632 8183
246 7718 9841 6085 1215 3017 6185 4763 8471 4012 4636 9467 2 79 321 2240
247 8046 4750 9340 3202 5908 9060 3398 9372 5491 4191 8912 6331 4626 2 79 321 427 935 2240
248 4625 2246 227 8444 7312 5845 1085 8548 6934 6735 492 9494 1292 2 79
249 8305 6667 1803 8457 8191 748 4140 6019 6939 2187 8204 6236 2 79 259 321
250 8477 2627 8768 7577 5428 9403 2981 8153 3745 914 884 4784 2114 2 79 259 321 2240
251 9207 7249 7382 2807 9661 1765 1683 3242 7237 8591 567 84 2 79 321 2240
252 113 4166 2649 6249 5594 3739 4993 6041 8951 7554 676 8920 2
253 442 4195 2251 4272 9123 4914 7826 4579 8666 6819 2 79 259
254 6397 4900 9781 6923 5152 1896 8200 6005 3560 7324 7715 2458 2 79 321 2240
255 7377 2701 5449 2137 1640 1669 7126 9835 7455 8278 9190 9425 2533
256 3620 8009 7232 5978 1253 3296 9595 9839 9549 7650 5572 2 79 321 427 935
257 4237 2683 6448 3327 6076 5734 9104 5303 1756 2614 5389 6772 2 79 321 427 935 1668
258 8421 3189 7800 3161 2852 5075 6341 6212 5309 3438 8078 2773 2
259 7020 1879 6157 8463 725 5622 3457 6224 5415 5370 8169 4346 7902 2 79 321 2240
260 6219 3152 6119 7395 9028 195 6290 7846 5517 5906 3690 4762 6871 2 79 321 427 2240
261 555 4578 3525 6355 7418 7567 3338 1080 5345 5856 1564 3578 6920 2 79 321
262 6221 1434 5142 9125 4404 6873 6291 4396 7703 4792 2169 6631 7874 2
263 7309 3846 1738 8752 1168 3959 4666 8750 3858 104 9836 8188 3377 2 79 259
264 6348 9628 7730 830 5199 9946 7251 25 2270 9517 5169 2 79 321 2240
265 3572 9935 2415 4990 5347 9682 2031 1276 9193 7533 6462 1557 2 79 321
266 7162 8171 3623 3193 9393 4592 3872 6211 2007 6884 7559 220 2264 2
267 7654 5170 421 5985 661 6989 23 8948 3194 4965 6467 2 79
268 1632 3677 128 4942 8674 4986 4174 8327 8764 2618 2 79 321 427 935
269 8351 8408 2226 2886 9457 147 2408 7258 4219 8713 3251 4531 2 79
270 7593 1316 8012 3710 7530 8158 453 51 1298 5266 2538 2 79 148 321 427
271 7687 2687 724 3810 4812 1742 6661 9067 2231 1540 2 79 321 427
272 7391 5842 1393 6337 6852 9171 9421 9450 2301 1923 7507 2847 108 2 79 321 427 935
273 6460 9223 8447 2204 5176 6658 7043 4994 868 7275 223 1598 2 79 183
274 1840 9664 5685 1903 6586 5041 1565 5843 8668 6901 4883 4870 8062 2 79 321
275 8997 3716 5664 5439 2027 5977 7624 2399 5207 1342 9347 2
276 8448 8761 360 1182 2495 6936 7114 9386 8085 5876 1752 2 79 321 427 935
277 4325 1198 7974 3292 3904 5689 8490 316 4489 1398 2 79 259
278 9585 3574 8147 2803 9730 5017 2350 6333 1596 8496 8780 2 79 148 321
279 8264 3650 8013 8402 2118 2915 1652 6498 6500 5310 7142 8439 7001 2 79 321
280 4869 1787 1821 5127 7924 2332 7313 328 7217 971 8947 4463 7545 2 79 321
281 6602 8049 5431 5080 3071 8368 8211 7875 7436 598 5595 5849 2630 2 79 321
282 2043 8823 887 7506 6742 8144 3501 8655 9168 766 7096 2 79 183
283 6229 1908 1690 8637 3907 3573 2418 6210 41 2203 9646 188 2 79 321 427 2240
284 3682 3132 312 3985 1061 6433 2467 4920 9852 2 79 321 427
285 7627 6641 3900 9318 2103 2918 7226 5107 7164 523 2 79 321 427 935 2240
286 1396 5195 9 7338 7248 5093 3643 149 2529 2822 1353
287 6289 1309 2999 3536 2908 5296 8297 7238 2138 9355 3750 4884 2 79 321 2240
288 8272 7636 3282 1422 8208 1720 9818 3680 8346 8882 4517 5698 7713
289 7187 8434 6471 5833 6837 1645 3719 2541 1503 1665 6153 2 79 321 427
290 5478 291 2599 9273 6599 4368 7734 462 3490 1539 6572 817 2707 2 79 259 321
291 9474 3625 9866 1495 8635 9358 2920 4096 1693 7294 9775 2958 2 79 148 321 427 2240
292 2907 8141 6556 4746 5936 9859 1087 1818 5873 8751
293 129 331 6839 5629 1817 9698 5154 2804 2098 5739 7362
294 577 7714 3445 9484 2996 8341 6793 3941 4220 6065 7790 5149 1752 2 79 321 427 2240
295 7689 7552 368 9448 9195 7824 7836 2987 6961 3155 5477 7610 8257 5038 2 79 148
296 9519 8312 5374 7865 3873 9857 5157 154 1893 1607 2
297 1045 1466 2080 9783 9388 6325 8954 7174 608 9548 438 2900 2 79 259 321 2240
298 4956 9906 6890 8757 1014 2195 1093 9969 8608 663 1871
299 6515 6688 4976 9462 7118 7801 1148 6410 8906 7457 4045 6712 2
300 2708 5827 6379 9643 6380 2061 4796 8759 9077 4296 951 2 79
301 2531 3334 5600 3211 8110 7839 6058 665 3606 4953 6892 3393 2 79 321 427
302 4820 5814 778 3083 688 7743 4955 4319 8788 617 2932 2 79 321 427 2240
303 9534 2850 1514 3279 8914 7676 449 7381 2 79 148 259
304 5538 2839 1810 5217 4915 1527 2869 9578 4587 5366 2867 2 79 321 427 935 1668
305 5535 8083 2796 9678 9049 4112 1600 9037 7925
306 5004 4814 1843 2157 7656 7558 2207 4999 6764 1833 3408 116 2 79 321 427
307 2893 9577 9526 1261 9977 6264 8476 655 8988 2429 6497 2693 2 79 321 427 2240
308 5612 3943 5074 6681 7288 6642 1442 2934 2373 1650 2645 2368 2 79 321 427 935
309 5011 1672 7835 6088 5947 9778 8228 1727 5858 3703 640 2 79 183
310 8840 5049 4557 4413 8941 2937 2249 3027 2628 8357 7151 9623 2 79 321 427 935 1668
311 4448 229 2488 3659 7873 4336 3994 1419 4409 9591 477 2 79 321 2240
312 1772 8190 5247 5421 9093 802 1482 415 9679 7516 3992 2924 1242 2 79 259
313 1561 8483 3746 6983 5276 558 1294 423 1754 2 79 259
314 630 5432 2536 2809 5877 2434 4982 4892 3264 9944 2 79 148 321 427 935 1668
315 6125 3767 8680 7682 1541 7172 3612 3593 8953 2225 1180 8987 6889 2
316 2173 4521 5120 1144 4931 351 4074 3668 5283 486 1339 3331 2 79 259
317 3633 2638 9466 7890 2725 6959 1654 5028 6480 8811 8814 2 79 259 321
318 1724 580 8660 9739 9366 7433 6801 7810 3002 3208 8433 8325 2
319 7083 4412 3298 7159 6707 1103 7976 2315 19 6233 9398 552 2 79 321
320 5972 8324 305 7609 4745 5706 7022 2881 4155 4957 2 79 148 321 427 2240
321 3326 8805 293 6568 7557 5779 9353 3329 3127 4121 4668 6946 2
322 2099 8364 8301 491 8767 1432 1455 3038 17 7791
323 6725 5790 2092 8511 4708 9232 8587 5958 1138 8418 2 79
324 7062 2314 5511 4590 6200 9743 677 2755 5764 1508 2
325 4144 9557 2033 7340 1111 4849 7354 6363 8813 1948 1763 2 79
326 5559 3790 8952 1767 5055 7983 359 2935 3075 687 8008 2
327 1815 9500 6824 1161 9156 1376 3567 6753 3028 8999 5224 3006 2
328 936 7960 3624 8045 4853 2214 1617 9146 3822 8686 8690 2875
329 4716 3418 440 2761 891 4512 634 1390 8867 5639 3051 2 79 148
330 1808 4459 5625 3500 6926 226 1347 705 3250 106 177 2 79 148 321 427 935
331 7443 5203 4767 4663 3385 9459 1188 9823 1711 8248 2
332 8086 9284 7074 2254 9019 8559 435 947 9387 6669 5654 2407
333 4482 3527 5512 970 750 3042 9959 8314 8041 6003 94 7481 2
334 191 1201 2878 5803 7524 9424 3676 4153 8702 2 79 321 2240
335 1324 6151 9401 2440 3192 8196 7498 3843 1421 3779 9192 7740 2 79 321 427 935
336 3373 7358 4791 2051 6826 4152 2102 3482 24 2239 2 79 148 321 427 935 1668
337 931 1730 8804 927 696 6734 3026 5020 6188 3771 9418 2895 4783 6855 2 79 148 259 321 2240
338 8821 5050 5781 6489 5683 1073 988 3660 1225 356 2158 2 79 321 427
339 1473 5013 7887 4434 6917 5864 3138 2235 6074 2 79 259 321
340 2283 6711 8996 8845 8241 7274 6947 5939 398 8107 1323 2972 2 79 148
341 4339 7104 8118 4490 8277 4542 5556 3920 7895 1570 2 79 148
342 45 2770 3280 4690 6202 4940 2766 4312 3686 1250 774 5451
343 9884 816 6902 3803 29 3323 8543 60 6310 7927 7788 269 3541 2 79 321 427 935 2240
344 1588 5160 7748 6263 7194 265 7301 621 8781 8022 2 79 148 321 427
345 3137 2272 8468 6453 827 8065 3031 4044 8003 6620 2 79 148 321 427 935 1668
346 9039 2285 1038 8617 6733 2472 996 5608 9723 7568 6797 2 79 321 2240
347 3388 9035 8372 9225 153 6730 4136 3735 5462 7088 2
348 9705 6177 52 7347 2834 9660 8443 735 2359 4502 1328 2 79
349 2575 7844 1435 6715 6531 4921 6832 434 9046 7341 7669 2 79 321
350 4334 9422 8916 4809 1453 1410 7886 8000 5443 3469 1571 2 79 321 427
351 393 7157 9415 9747 8534 6583 3794 6426 4077 8883 2 79 259 321 427
352 943 4662 2969 2779 5943 1895 4563 5346 1248 6980 2 79 259 321 2240
353 6271 1468 6830 8595 1440 3764 6821 2617 2220 8946 2209 2 79 321
354 2757 9161 4024 483 3550 9881 7014 9706 8979 9826 1140 9807 5175 2 79 321 427 935 1668
355 1982 2560 5255 6510 7614 6147 2317 5250 8957 9947 2 79 321 2240
356 3274 3410 5635 9844 7892 4854 9319 1116 6886 6329 2 79 183
357 1379 3945 4456 6204 3763 1349 3891 9850 1005 3825 1512 9518 2 79 321 2240
358 8569 9217 3805 811 3799 67 8155 241 6239 1063 3655 2 79 321 427 2240
359 5601 4646 6094 9900 5220 364 5435 1102 6463 5788
360 9819 5563 7840 7134 5168 6382 4860 36 8893 5383 2 79
361 9286 547 38 4488 4089 5915 6710 3741 1190 9177 2 79 148 259
362 3082 9183 4206 9584 2835 6117 1945 3986 7031 4706 2146 2 79 321 427 935 2240
363 9603 1240 1813 1371 9209 4705 2889 64 9076 644 8218 2 79 148 259 321 427
364 905 4533 1544 6231 2166 7032 1691 6316 5996 2 79 148 259 321 2240
365 2823 1778 9356 7414 8527 3635 7671 8828 2129 6916 329 3113 2 79 321 427 2240
366 2420 8796 9314 8860 9568 5081 2864 2955 5726 9604 1167 1079 2 79 148 321 427 935
367 3939 9227 9827 3489 9800 8366 6850 8216 849 2078 2 79 148
368 3404 9342 9423 2310 8159 5949 4553 984 4761 2 79 105 321
369 2605 2626 9622 3749 1723 1616 5530 8349 7695 2 79 259 321 2240
370 8342 5282 7651 1801 4135 9468 7784 4469 5209 6982 9178 2 79 321 2240
371 6807 4197 2840 7857 721 8489 2564 6164 4496 1065 8185 2 79 105 321
372 2447 6253 2777 4655 5532 3423 5233 5242 5390 2 79 321
373 5852 4852 7678 5508 1582 9371 1357 604 8459 5095 2 79 321 427 935
374 3341 1193 8138 8897 3737 6036 8355 2957 9812 3207 843 2 79
375 5089 1828 4445 8010 5506 2922 978 5896 9950 9837 2 79 148 321
376 2451 4723 3649 2769 9212 2065 5882 7531 7182 9023 2 79
377 6966 7317 1000 7352 1308 3774 2453 6386 6775 6170 2 79
378 1792 5763 7962 1705 6770 3339 9012 797 4042 4116 3101 1935
379 1663 3366 1037 5237 21 2113 7666 8808 2522 1199 550
380 2134 9847 4441 7449 762 818 1609 9915 382 5299 9132 3261 2 79 321 427
381 9304 9653 4609 4688 8560 5327 6558 5360 347 221 2 79 321
382 8164 6278 3744 7306 2754 9363 8799 3092 7061 2 79 321 427 2240
383 7277 7318 2026 809 2148 7660 2716 1194 6368 4776 4670 2 79 321
384 3996 5528 4740 6286 2717 9811 6823 3600 4643 5898 8146 30 2 79 259 321 2240
385 7828 7021 9702 1207 1648 7005 9110 5226 4108 2 79 321 427 2240
386 2566 8924 8266 9018 3833 1890 7366 1605 7428 131 3823 2 79 321 427 935 2240
387 7216 2959 3014 7870 781 9331 7270 1244 8991 8256 2 79 259 321 427
388 2510 1853 4315 7817 9759 6818 4438 7091 2846 3146 2 79 321 427 935
389 4689 7292 7332 1113 1698 6474 2698 4189 856 3887 8597 2 79 321
390 4181 2579 3711 6606 3183 9937 5493 1595 4890 1391 2 79 321 427 935 1668
391 1679 4386 9155 9179 1270 7776 9038 5990 4781 2 79 321 427
392 6504 2067 9529 702 8513 5891 4086 2950 2810 7350 7956 1638 650 2 79 148 321 2240
393 7495 1459 7327 2648 5328 8064 1279 8643 4232 5253 8092 2679
394 7121 1012 3076 4082 4187 1028 342 5077 726 2 79 105
395 8976 6557 9237 6700 3918 2530 1446 2816 1911 2 79 321 427 2240
396 2024 3671 6696 4904 8050 3548 8088 3059 6732 761 2 79 321 427 935
397 5766 4032 5056 5657 2402 4115 6227 7037 2 79 321
398 9562 8011 6146 4419 2004 919 8253 5988 114 5397 2
399 2859 6944 9694 8018 3592 1109 9601 9532 9877 2 79 148 321 2240
400 9062 8374 6136 2874 5236 3382 5900 9402 2870 2 79 259
401 6357 4538 6879 581 924 3759 1104 5272 7123 2 79 321 427
402 5573 5533 3041 6804 7166 1202 7988 9079 8904 2 76
403 2663 6644 216 4161 3626 5926 4665 8128 4286 2 79 259
404 1681 8413 1146 8731 42 2245 8521 9465 2 79 321 427 935 2240
405 8411 3694 4276 918 4182 9399 1662 5888 7583 1035 1739 2 79 321
406 9793 4632 432 1760 5778 2952 5196 727 5490 730 9259 5821 2 79 321 427
407 2460 4259 6609 9310 8839 7638 5265 3828 6063 7634 8167 2139 2 79 148 321 427
408 8432 7458 2048 710 5673 3045 5705 1490 3488 6385 9120 4151 2 79 321 2240
409 5489 4896 2838 338 1275 3130 5059 9625 2394 1747 2 79 321 427 935 1668
410 5311 4062 7510 2087 8689 1053 9521 6655 7370 8126 3731 6978
411 5273 4001 6694 1420 3271 8132 4435 5102 9940 2 79 321 2240
412 6162 4779 9151 8352 4547 9965 8902 8950 657 9266 6344 1364 2 79 148 259 321
413 8678 9686 3235 308 1634 5070 5945 2494 879 9654 2 79 321 427 935 2240
414 3009 7964 7741 4480 6209 3955 7220 8650 3362 9483 2
415 658 5874 8494 1927 4594 5381 826 1480 5524 2057 2 79 321 427 935
416 3108 2508 1232 6540 5263 3512 436 4684 7478 7357 3684 2 79 321 427 2240
417 941 1458 6238 5663 9683 2379 4537 692 3740 7600 2595 2
418 612 7642 6299 8625 7122 7727 7311 467 2439 2 79 321 427 935 2240
419 1499 5561 4472 5371 1002 2723 877 1415 7230 2 79 105 321
420 9001 9537 8879 768 6181 3995 2387 371 6334 2611 2 79 321 427 2240
421 6514 1914 3632 2819 5398 5769 8075 9057 5359 2 79 321 2240
422 7303 2705 7488 8921 1842 2470 8557 456 8225 8348 7072 7198 2 79 321 427 935 2240
423 6394 8895 1288 5008 593 7308 8446 3383 9580
424 6912 7543 3820 8189 5306 2503 7124 3613 6803 1602 7068 3093 2 79 321 427
425 8718 1516 7295 1946 7246 9492 7915 4297 8455 2 79 105
426 1989 5815 839 6402 8035 6091 9693 7480 3466 5413 9003 2 79 321
427 591 348 9512 1655 8449 6624 8079 8207 4308 5007 2 79 259 321 427
428 7534 9184 7150 5723 1626 6135 8215 466 8776 2 79 148 321
429 7268 1090 4332 6522 7914 4772 9547 7804 1346 9758 2 79 259 321 2240
430 7017 6064 6294 7649 7640 1559 6455 8620 2 79 148 321 427 935
431 2337 7995 7816 6114 3713 8717 1637 8846 5251 2 79 148 321 427 935 2240
432 7186 7416 65 720 357 8613 5924 4200 246 3079 2 79 259 321 427
433 7215 9902 1196 5999 4292 9108 6318 4893 6261 4528 2
434 3966 563 6580 2213 4225 5918 6746 6276 9991 2577 2 79 321 427 935
435 3140 8315 6275 9784 2142 4615 1716 5158 1293 3203 2 79 148 259 321 2240
436 3838 7758 1222 932 407 2193 897 8667 8962 1305 1504 2 79 148 321
437 5130 2208 6646 3452 3502 9763 1999 3097 9589 4011 9191 2 79 148 321 427 935 1668
438 1753 810 7010 8547 7278 8778 2511 1249 9406 3061 2603 2 79 259
439 4536 2490 6349 939 2469 3949 8142 4073 5094 5954 1406 6073 2
440 2471 2984 7623 3342 4290 1998 2188 6180 3597 9970 8445
441 4360 5761 2162 8621 8007 6339 4810 6597 6137 2739 2 79 321 427 935
442 6654 8611 7368 9148 8359 8467 8561 2557 8040 1164 2 79 148 259 321
443 2812 9685 6259 6396 6505 256 2277 7943 2659 4345 2 79 148 321 427 2240
444 7797 7954 1467 8645 198 7587 607 3760 7861 2 79 321 427 2240
445 5544 2800 4128 9788 1427 3993 6749 8623 8616 5810 2 79 148
446 9196 73 954 6481 4523 8370 7608 9962 8894 2236 9659 2 79 321 2240
447 5485 8707 245 7130 4535 6312 6031 9249 759 2 79 321 427 935 1668
448 9914 4552 1304 1882 1047 3281 6607 8532 3714 718 1934 2 79 321 427 935 2240
449 2258 8740 7201 6796 5727 8194 9889 3005 7787 2 79
450 3182 5298 3370 3218 3968 7231 7330 6767 3981 2 79 321 2240
451 7269 3516 6811 736 1543 381 5436 8335 3564 1443 4442
452 9113 566 6686 9413 7944 2063 8178 7619 1153 8931 683 9555 7795 2 79 321
453 4388 2789 27 3065 4841 6395 3011 6756 1216 2 79 321
454 2126 251 4376 3467 8741 3350 7825 201 5948 5141 2 79 321 2240
455 3902 8631 4838 6776 2493 6070 1925 1460 7917 1601
456 4818 2443 7305 4050 8246 4678 8603 9699 9608 9086 2 79 321 427 2240
457 3253 5208 448 7867 9524 2242 5261 9378 844 8157 2 79 183
458 2006 8647 7359 6488 5229 5749 5527 3 8066 8848 2 79 321 427 935 2240
459 4172 9420 8303 5709 520 5470 7119 5426 4229 9354 2 79 148 321 427 935
460 9308 9282 2974 4328 5822 5353 4500 1409 8851 9478 3537 2 79 259
461 8520 7985 1577 9765 2608 5190 7544 1823 967 9508 7811 7057 2 79 321
462 5181 8703 2941 6878 4653 2501 4770 9972 1025 2 79 183
463 7966 7097 906 6378 982 1954 5048 2243 639 7213 2 79 105 321
464 3786 799 4167 2706 2119 1861 972 4141 4919 6438 511
465 7565 5419 6242 2715 7255 7505 5463 5830 9276 1365 2
466 9514 9641 6483 3499 2448 9112 5684 5841 207 6415 2 79
467 1070 7427 5930 4734 9350 2459 5484 9626 4246 4967 2 79
468 2763 9231 9564 6958 3436 3854 9948 4381 8965 5821
469 3310 8785 7863 9127 1399 236 2273 6615 2 79 148 259 321
470 8438 8258 769 9718 3245 7945 6600 6152 3709 2 79 259 321 2240
471 4652 4443 2574 9280 7576 7700 6235 5010 5433 5185 5981 2 79
472 7720 2267 1022 871 3435 741 1597 3824 452 9907 7553 2 79 148 321 427 935 1668
473 831 2500 2734 6601 1257 4978 1802 4753 8692 4457 2
474 525 3335 2296 9596 401 1500 4454 7491 1128 875 5661 9713 2 79 321 427 2240
475 2778 5750 1431 6407 6590 3622 2825 2914 4780 2 79 105 321
476 2427 864 5376 7798 1995 3782 4076 458 2 79 321 427 2240
477 800 5577 162 8819 5994 8020 1074 3979 7085 2
478 632 9103 8173 7471 3599 4363 1584 2563 272 1145
479 6882 5859 9016 6047 1968 8280 3419 5210 3491 2 79 259 321 427
480 6726 1830 589 9714 6405 4262 5963 562 5872 9931
481 8316 9768 9960 2749 2356 344 968 7934 9808 88 2 79 148 321 427 935
482 7100 4323 49 7722 4124 5854 3577 5083 1345 2074 2 79 321 2240
483 2370 5372 5147 9916 4638 1530 3594 9397 5607 2 79 148
484 9974 8199 772 8082 6564 2521 8002 7445 3607 937 2 79
485 694 6007 179 9797 1136 5610 3216 8510 2 79 321 427 2240
486 8091 4008 1280 2623 7076 3583 8817 1228 3050 2
487 9982 262 461 4650 3091 315 6315 2610 1510 5270 2 79 321 2240
488 2282 3796 1437 5297 186 8654 3761 6431 1260 2 79 259 321 427
489 1766 5066 7148 6987 4484 4597 2997 1187 8401 395 2
490 4969 1210 1456 4215 5319 1591 1700 7479 1702 9010 2404 2 79
491 5675 5121 2582 1450 8160 5167 4014 5529 5429 1546 2 79 321 427
492 1170 5968 5235 9975 6585 9502 4800 3142 7456
493 8492 6665 8101 7132 6632 4979 9189 1403 5054 4959 2 79 148 321 2240
494 6781 1320 627 2338 653 8417 2989 261 7481 2 79 321 427 2240
495 5606 4830 5667 3960 2284 6906 1520 6001 6785
496 5807 2629 510 9078 682 2854 4357 3733 7419 8149 5095 2 79
497 9000 8422 4846 8288 8590 4318 3471 5138 8634 2 79 183
498 8915 8801 8725 2593 9520 5665 7931 4623 2 79 321 427 2240
499 4789 9345 8942 833 5133 7850 37 2724 8309 2 79 105
