100
0 0 1 2 8 9 7 5 3 4 6 19 138 11 15 17 14 27 20 16 12 21 28 10 709 22 1263 18 13 30 708 1384 554 176 155 9517 23 968 63 38 197 25 35 24 4171 120 139 2076 152 236 69 61 229 2899 44 2841 57 32 797 107 45 184 37 3457 62 52 1583 9054 121 869 867
1 0 1 2 8 4 6 5 3 9 7 15 14 138 11 12 10 17 19 13 21 23 114 28 22 18 74 26 65 55 54 16 25 252 27 6049 20 41 3198 70 24 61 126 62 37 1572 243 84 46 72 1434 176 1384 1290
2 0 1 2 8 7 5 9 3 4 6 27 14 11 19 28 3975 2264 13 15 3756 16 17 37 138 10 126 21 12 69 2848 3244 23 24 22 20 65 18 35 121 1502 45 797 44 63 30 62 1495 36 176 5276 32 41 155 78 199 54 1572 58 120 3774 26 583 252 554 148 867 485 1737 184 9584
3 0 1 2 8 3 9 3097 7 5 6 14 4 27 15 1671 21 11 12 20 16 155 19 13 1334 17 10 1958 549 138 18 24 30 1714 63 28 22 57 38 65 41 1888 31 120 69 73 176 97 121 40 554 252 9138 583 25 62 58 356 6656 4347 355 907 199 37 139 197 725 3457 7677 621 1263
4 0 2 1 7 5 3 9 8 4 6 14 15 28 19 10 13 120 27 17 12 1502 16 11 7055 26 37 3975 2818 30 38 29 21 36 482 24 57 65 20 859 1310 126 25 18 138 3767 155 1679 23 58 22 102 31 229 152 404 69 1482 2478 554 1263
5 0 1 2 8 7 9 5 4 3 6 14 15 28 27 19 11 12 37 155 16 10 20 13 21 23 138 120 69 17 7624 22 18 62 3110 199 1310 29 24 31 63 148 36 25 1173 65 152 26 56 78 38 708 197 1334 3389 686 1572 193 303 2614 2076 1263
6 0 1 2 8 7 9 4 5 3 6 19 14 11 27 20 13 10 15 176 2153 62 69 21 16 18 23 12 37 63 44 35 126 17 72 28 40 57 50 112 22 36 41 1184 164 468 26 30 331 3110 70 859 3198 442 120 145 869 1334 8402 708
7 0 2 1 8 3 7 9 5 4 6 14 11 15 19 21 138 12 1310 27 1290 63 28 16 621 10 126 20 13 17 23 199 37 176 18 583 1315 139 30 554 9517 7624 35 57 24 58 74 184 252 62 3110 65 121 107 303 485 44 355 5526 55 102 968 47 38 145 948 69 1610 46 78 110 4371 155 1951 1173 3106 708 1263 1502
8 42 40 57 2700 52 468 485 126 38 1089 404 135 2148 30 1434 88 1756 87 1495 869 5367 484 70 41 110 71 103 1225 1388 637 35 158 85 199 8734 72 7537 34 596 47 121 815 58 280 178 157 147 899 29 3467 56 139 500 61 98 549 75 751 3706 631 50 6668 48 8080 2572 1597 268 1679 4510 650 1734 253 709
9 0 1 2 8 9 3 5 7 6 4 6729 14 19 28 11 15 176 20 138 23 155 27 69 10 16 120 21 13 65 37 24 35 12 17 30 25 184 121 33 554 52 131 56 63 32 29 468 18 900 442 22 126 1290
10 0 1 2 8 4 3 5 7 9 6 15 11 28 2848 17 27 14 13 5926 621 19 138 12 10 16 20 18 22 1737 38 23 37 65 25 131 29 152 126 6049 61 176 31 371 30 72 468 859 32 948 21 69 679 34 3477 1077 253 5276 57 193 4171 1951 303 5381 1290
11 0 1 2 7 8 5 4 3 9 6 15 11 27 19 13 10 28 14 236 2591 1671 2060 17 37 12 18 34 20 35 120 69 2513 16 38 139 121 65 82 117 55 72 103 316 56 653 48 42 63 725 112 52 30 679 79 1495 148 859 919 303 356 404 2780 3831
12 0 1 2 8 5 9 7 3 6 4 14 138 19 554 16 26 13 11 5381 1502 23 62 28 10 22 20 21 12 17 29 18 121 1077 33 120 32 27 61 35 42 38 56 1310 74 37 879 82 355 1583 15 1591 731 728 2371 69 155 1263 2153
13 0 1 2 8 5 3 4 6 9 7 2264 14 15 27 19 20 17 1482 7242 69 12 82 21 53 3700 10 22 572 1452 176 18 158 135 49 16 611 4336 5482 26 33 50 56 83 52 34 482 138 554
14 0 1 2 8 3 5 7 9 4 6 138 19 6604 10 17 15 14 18 45 2153 11 120 20 121 58 21 27 25 290 2955 30 1077 28 41 22 229 5429 74 38 24 35 9894 56 4023 252 442 737 331 482 371 224 12 140 148 51 329 29 82 131 524 909 725 621 139 65 3457 708 554
15 0 2 1 8 7 5 9 4 3 6 27 15 11 14 19 138 120 20 21 1290 12 69 10 16 1263 17 22 131 26 13 45 28 155 968 18 38 62 869 404 36 54 30 7117 1583 84 63 25 1958 57 32 290 42 37 2818 280 329 5482 907 197 1495 7585
16 612 31 2112 36 914 148 468 9543 40 170 130 156 98 4848 659 51 2744 119 681 48 50 118 76 253 1917 2274 2385 195 52 6097 372 231 112 151 356 999 256 9225 625 933 2983 1452 236 8938 211 1296 54 60 4514 8660 3054 332 992 880 67 410 1332 238 247 120 138
17 3923 60 968 34 4607 731 119 940 87 62 245 665 485 329 110 24 2889 1524 751 1352 64 285 1554 85 92 6378 879 4343 510 249 86 946 122 40 2296 49 33 102 73 95 111 346 145 549 637 42 8015 97 1667 345 9927 199 2955 4807 435 5404 45 1584 3977 1270 1395 138 1290
18 34 267 50 25 102 439 686 175 55 1171 40 301 60 1251 204 31 114 79 43 1930 1395 979 48 51 161 139 708 878 389 632 4102 118 9611 595 42 65 46 390 583 207 280 33 77 5634 1222 66 1604 2138 747 4302 356 135 2688 158 7984 138
19 0 1 3 7 8 2 5 9 4 28 19 14 6 82 10 126 21 15 708 16 17 30 18 11 13 20 5990 12 74 23 37 236 138 6698 900 44 1930 102 38 62 31 131 120 253 139 404 88 22 114 3483 158 3046 3514 47 252 69 940 84 56 1114 5182 482 299 92 9559 1263
20 0 1 2 8 7 9 5 3 4 6 1290 14 27 11 69 5526 155 138 120 15 28 17 16 12 10 35 2591 13 583 252 1052 30 1638 61 37 107 709 20 26 22 102 148 23 24 57 41 33 31 49 549 36 3497 126 176 4171 285 968 199 919 3172 184 859 1263
21 0 1 2 8 6 5 3 7 9 19 4 13 1384 3684 27 15 30 120 14 74 11 20 16 63 21 176 28 138 10 34 37 164 17 148 41 161 356 797 583 79 103 404 39 48 29 252 4247 3158 5959 1554 389 1958 71 54 44 2955 96 38 5985 1290
22 0 2 8 1 9 7 5 4 6 138 3 15 63 14 27 2818 23 26 224 69 859 72 28 33 977 21 29 62 468 2402 61 11 17 1070 442 117 157 41 10 97 22 355 60 148 708 114 83 40 1954 193 68 107 36 6402 70 197 45 3849 554
23 0 2 7 1 8 3 6 5 4 11 9 15 14 57 17 554 27 69 23 1122 138 12 19 35 16 26 5661 18 6698 6459 41 176 22 55 45 13 107 21 120 10 56 2513 28 671 977 42 32 24 8450 62 126 545 426 253 5990 132 3158 139 1714 316 193 595 7850 1412 621 1334
24 32 74 30 184 60 977 39 290 236 29 102 3684 122 51 34 86 33 229 40 91 355 93 155 83 22 53 50 4148 70 41 103 125 57 426 25 108 45 73 6138 42 164 3706 6347 1954
25 0 8 2 1 5 7 9 138 4 3 6 23 11 1495 19 28 21 69 14 37 22 57 35 120 13 20 10 17 72 15 583 24 199 48 45 12 40 36 3483 1610 1200 468 64 38 9054 236 6115 425 494 46 3880 1667 850 1263
26 187 50 309 45 144 206 84 80 158 299 1876 147 119 371 7712 1656 117 18 1428 51 12 47 2433 110 6577 106 4090 139 82 129 91 6126 257 5150 33 78 1388 54 342 43 6035 69 66 335 157 180 797 1881 513 267 114 1387 8454 131 1408 161 2371 166 332 3483 708
27 0 1 2 8 3 4 9 7 5 6 14 11 15 28 27 17 10 176 23 19 2848 21 12 1954 16 37 18 20 69 164 13 2780 3097 84 2060 184 22 24 57 34 25 107 55 2889 30 138 65 299 29 1917 53 968 1395 158 58 9502 1290
28 0 1 2 8 9 7 3 5 14 4 6 28 5921 23 37 10 11 19 15 121 21 12 27 554 16 13 22 900 20 138 17 63 44 31 29 18 83 61 55 60 1917 114 148 709 161 45 8450 30 35 72 52 135 2486 4364 2402 5051 708 1263
29 236 268 451 442 1384 4656 252 309 110 164 330 727 34 74 44 243 2291 178 40 609 29 48 650 59 81 1506 49 20 2700 92 66 2216 126 4266 1766 3424 68 71 58 2487 53 887 32 121 23 1583 1283 106 33 31 47 655 138 1290
30 815 135 224 1656 117 1643 93 187 1610 64 332 139 74 131 146 1132 102 275 43 234 110 36 35 144 56 253 432 1826 3759 164 444 42 3502 625 650 498 6668 81 389 478 6092 126 1137 76 88 1324 610 1183 109 274 1447 67 4801 2698 7408 1122
31 0 2 1 8 5 3 9 4 7 14 6 15 27 11 19 69 138 12 16 482 61 17 13 58 37 10 24 20 199 84 18 74 34 96 28 253 63 583 26 33 29 102 36 1065 32 268 554 6656 1387 621 867 708
32 0 1 2 9 7 8 6 5 4 3 14 13 155 19 28 3849 197 12 20 31 3992 968 11 24 23 126 43 10 27 135 51 268 166 35 65 549 25 60 80 410 655 131 372 34 1200 82 47 88 176 253 1315 404 1263
33 708 65 73 157 5150 49 1122 90 46 54 6656 9933 193 2003 175 78 63 1384 25 39 2444 199 45 74 3600 31 8751 679 114 961 87 83 80 1365 107 671 267 356 56 82 41 64 145 48 271 249 95 62 2274 751 303 43 598 231 35 1558 285 126 432 1793 5860 92 2521 9896 3563 4881 7086 3514 2291 4820 4953 1572 1263
34 0 1 2 8 3 4 7 5 6 19 9 155 14 1737 27 16 10 28 3097 69 15 11 24 968 12 63 18 554 1482 121 17 13 176 21 41 65 1089 4347 30 54 25 166 2513 900 126 5862 2713 1173 34 2076 58 37 29 57 35 62 32 52 919 371 4023 1679 4142 356 9886 708 6656 1290
35 2371 4613 97 57 3923 107 69 120 25 1604 899 137 131 316 1122 123 70 26 4551 229 24 58 5895 7718 42 184 9957 1065 32 7709 686 132 1440 566 53 1352 253 39 51 300 164 1799 763 71 81 38 84 476 914 118 122 9713 80 111 552 89 4164 87 646 138 155 1263
36 25 410 2659 2930 7048 56 253 81 21 1850 979 105 624 4688 751 42 146 1005 125 137 647 725 75 1783 32 70 301 7081 87 59 149 40 72 669 409 9542 526 1168 60 49 4067 1412 193 152 712 88 280 1152 108 250 3194 1027 138 1290
37 0 1 2 9 4 7 6 8 5 3 14 27 138 11 20 121 968 21 13 26 16 69 1077 10 12 30 72 15 28 404 927 900 45 23 869 22 107 166 17 120 48 24 252 84 60 3222 184 468 70 19 4525 38 3102 44 55 41 74 909 410 2073 3849 303 873
38 32 125 46 29 54 1434 42 96 585 137 2067 122 3676 45 56 49 126 7776 106 98 143 8801 36 60 172 170 100 67 304 339 494 1106 159 3299 903 61 144 1734 101 235 229 253 659 138 554 708
39 0 1 2 8 9 5 3 4 7 1671 6 14 10 27 17 138 184 968 22 18 11 74 4768 5921 15 23 34 37 797 152 107 468 46 16 12 2383 20 7104 28 38 176 62 21 13 30 977 2889 3389 31 162 86 24 88 1667 69 199 1369 166 867 554
40 4841 1591 51 355 97 193 114 68 35 4500 90 249 135 24 914 110 121 5546 43 7347 6698 144 86 95 424 88 686 329 211 7727 243 106 83 60 595 156 655 1395 5668 356 9593 161 123 3441 316 74 47 907 957 52 1714 482 147 34 5778 859 42 2316 32 82 96 1184 78 29 1476 1643 138 1290
41 26 38 197 39 20 50 72 5554 33 389 158 6979 1756 940 58 64 224 3613 199 45 82 145 206 5200 73 1881 40 53 1089 78 102 117 205 665 119 873 44 125 221 31 152 77 650 3661 3807 382 268 280 132 7559 476 2683 899 75 737 6616 76 290 1122 725 5661 1290
42 0 8 2 1 5 6 3 4 7 27 11 9 37 15 138 126 26 252 13 19 5973 935 28 9519 48 62 170 30 14 4977 18 4225 332 20 172 309 487 58 151 285 6373 1522 118 1489 47 115 112 33 1495 884 632 2385 90 484 843 5514 554 1263
43 197 686 6337 899 136 309 1510 404 246 3708 111 31 6092 1894 39 67 38 171 1958 3923 73 149 2261 3358 1571 6379 800 131 95 477 29 7862 35 3199 224 74 1183 6126 8454 6057 609 1296 1721 1572 325 2198 32 238 1128 227 426 8309 5205 251 5209 40 4977 1256 48 3395 92 1704 3038 1513 252 919 138 1263
44 32 5851 485 78 51 301 4869 25 2196 60 75 46 2291 39 47 43 50 95 309 151 4226 410 371 671 1270 5295 4089 184 24 175 207 240 3182 389 681 1106 339 1070 57 145 7594 23 211 4982 253 5860 86 1881 2707 2106 519 1052 147 64 1651 880 331 348 92 2785 789 7959 8034 5313 138
45 355 97 114 193 54 309 253 131 53 79 135 78 123 90 4390 158 75 95 38 67 4281 82 5091 162 164 332 653 301 52 77 410 273 55 552 329 2170 106 1506 76 330 105 1106 451 1756 232 132 59 225 2973 252 655 1065 1412 145 108 2136 857 782 1554 482 1387 6304
46 0 1 2 8 1502 9 4 5 3 199 88 138 7 1155 468 1597 1766 107 6018 59 6 126 166 5295 36 439 267 2003 24 4288 43 58 6459 33 817 4148 23 7086 27 485 612 6222 49 22 198 7151 145 1692 39 65 142 78 44 1679 12 123 152 2304 968
47 39 78 224 1597 166 71 1506 429 85 160 392 549 2198 517 375 43 7658 84 6930 95 112 4994 218 2208 2579 1413 139 140 152 88 1521 1434 2052 671 4178 77 3600 62 4291 4500 309 70 49 995 146 1152 135 4977 7895 339 7687 637 212 103 173 484 188 1171 34 443 2282 7918 2177 737 193 4063 65 867
48 0 2 8 1 3 9 22 751 211 146 5 4799 69 23 7 4497 55 84 26 1510 110 33 12 18 184 494 1554 1809 2825 8402 1344 42 119 665 1283 34 47 330 398 199 25 118 300 134 162 6 4 8334 114 325 5843 3248 3441 3477
49 0 1 8 2 7 4 5 6 3 9 1671 72 27 23 26 128 28 999 119 63 331 426 82 15 166 80 12 37 1151 3332 94 68 484 1452 443 69 3142 140 1482 425 92 2717 158 114 33 8334 67 549 432 51 58 1937 6165 1290
50 0 2 1 3244 7 8 3 4 6 5 9 19 11 155 859 42 21 31 13 82 14 12 16 64 2612 268 1482 900 178 2444 6577 61 236 2292 395 25 33 50 46 4864 76 776 15 2430 77 114 485 968
51 0 1 2 5 3 7 4 8 6 9 11 28 27 14 2818 15 121 21 9365 20 10 12 45 35 17 725 22 18 5501 16 3923 13 24 30 117 977 58 3046 19 26 197 78 2826 64 41 23 5659 2148 63 5603 146 95 910 1387 6877 5031 371 1225 329 1263
52 285 9832 2112 1465 397 2162 33 2523 961 4421 2088 7307 1601 4130 1153 45 5616 509 310 239 143 2293 6744 447 5936 136 1132 9946 7869 2164 786 8955 850 2190 6001 1702 365 267 1476 4277 89 1401 197 2175 2577 901 48 1805 595 4096 1417 1186 4589 6376 74 4849 1012 1088 308 120 1263
53 78 103 152 36 494 100 1171 1591 243 39 110 382 115 18 566 145 6051 146 225 1270 54 9551 4478 71 73 2282 154 89 137 216 583 370 61 128 524 4895 510 52 65 8660 348 2976 79 199 75 429 335 25 899 32 126 1106 249 7291 1294 155 1263
54 139 55 110 728 229 480 72 52 158 65 204 35 114 2612 61 163 561 709 2212 9957 4881 5195 180 41 1721 193 962 58 137 54 2684 199 249 83 184 383 446 624 451 104 301 331 144 18 43 2240 175 81 115 3379 1001 53 4088 484 84 56 1401 5011 349 1131 27 1476 708
55 0 1 8 2 5 3 7 9 4 6 27 14 126 1502 15 11 19 3244 6887 1263 155 17 13 30 10 37 16 21 1737 28 35 3774 12 1495 1184 18 139 20 637 117 97 63 58 57 107 26 84 900 7234 2478 485 41 80 115 747 410 121 24 867 183 609 725 44 23 549 3008 138 1290 1310
56 280 90 624 96 46 2282 391 48 1597 88 4390 2871 789 5659 135 632 168 52 66 850 1476 95 8702 1122 196 2659 2431 203 880 443 119 707 825 455 595 87 3057 289 2943 1697 124 684 104 250 100 258 223 841 325 167 67 2076 1194 7499 2120 708
57 566 7672 448 235 116 114 2348 136 118 4618 444 231 111 422 70 1877 7325 2134 97 1336 480 524 196 106 7546 1981 3839 4859 275 172 131 200 49 1442 5801 217 432 325 94 8672 296 101 4864 496 3284 1334 869 1290
58 0 720 144 77 1 285 171 1587 666 55 1228 175 6379 1007 520 850 391 4104 2 5850 43 254 173 978 91 3768 990 1065 162 1612 342 2593 83 5838 1809 760 4417 76 185 172 8355 114 3514 968 138 554 1290
59 6238 5333 494 204 123 8139 80 5350 585 31 1429 5643 118 535 979 167 873 252 195 2187 114 243 43 142 6335 8138 542 1134 1119 1385 58 726 1972 78 2692 71 2956 136 769 185 226 881 194 646 163 914 857 1011 762 343 746 933 1745 2231 1805 116 69
60 40 72 139 88 1384 115 49 73 42 43 163 113 355 46 26 187 6718 1312 85 1927 166 101 229 235 103 4421 749 31 7401 130 297 4413 5349 524 836 2562 64 625 201 6234 2573 62 212 299 120
61 9305 229 193 621 33 107 57 157 2976 105 5091 60 103 89 356 142 240 90 96 213 1283 574 408 362 3266 545 102 83 829 285 160 662 29 411 118 2430 81 552 1506 5313 671 53 339 158 114 487 44 2759 5751 395 266 720 179 3884 342 2538 484 2659 1290
62 147 62 356 63 8734 236 112 50 2616 58 21 19 174 6379 100 117 1571 1468 363 7777 2521 164 549 85 3428 6831 245 166 79 173 928 111 679 43 75 231 879 659 345 662 59 510 23 249 80 1012 1627 4413 9957 87 3270 29 7966 277 495 7454 1122 126 3870 138 554
63 0 2 1 9 8 3 74 5 7 715 399 4 64 3412 7373 164 4364 6166 2572 364 255 1862 346 150 7977 971 290 679 8948 907 130 815 44 2385 329 71 1549 135 68 108 2359 206 210 316 92 147 75 5329 4221 372 2371
64 38 46 3032 542 778 20 18 296 25 57 17 166 962 784 6769 805 60 118 1771 327 7986 14 145 3317 1967 183 219 7069 210 2859 224 140 16 34 6655 181 74 55 2218 264 1236 6767 2298 4662 5329 890 873 803 1420 2705 5038 265 2094 240 494 13 1384 7837
65 482 8761 166 86 121 72 35 73 32 40 1117 849 132 78 679 117 63 82 410 62 122 59 41 44 1412 552 1385 7753 64 329 43 53 33 183 178 890 46 4962 39 83 100 29 97 168 3420 511 5429 815 6147 3348 138 1263
66 14 10 15 11 309 59 129 249 13 8116 4350 197 19 78 138 2169 118 2142 131 5336 87 8802 5754 1959 63 187 1967 1583 909 1951 457 6644 915 36 67 252 27 44 6684 9888 146 316 662 3706 136 74 6539 1413 356 225 7253 3525 20 750 455 393 119 21 4172 186 2768 229 343 2047 102 28 2653 1290
67 7234 206 513 92 71 66 156 51 149 68 79 111 3142 77 127 524 90 8528 303 519 49 95 119 715 778 132 3692 2244 329 105 300 75 165 195 96 228 8094 216 102 1799 112 8215 138
68 142 517 7584 1881 5667 1799 4226 223 264 468 279 37 194 4919 1320 229 112 236 377 604 424 487 249 715 1429 35 5350 25 314 255 201 612 78 461 2169 6163 113 4597 551 1401 270 2048 44 3591 1734 84 2298 206 1078 316 647 880 85 2967 1673 1428 324 1436 152 426 404 708
69 24 176 155 977 3831 2120 62 30 243 6986 32 2177 6290 83 11 501 679 335 187 84 22 10 43 42 2112 171 4342 19 410 216 21 6452 3520 139 100 2238 29 751 73 782 1468 3204 54 90 107 53 2448 2616 3299 1522 1005 516 89 44 185 1593 3499 45 121 1119 572 3853 117 907 4301 2359 8271 850 1290
70 321 762 36 104 4099 619 84 274 250 91 9311 1113 8272 1000 287 66 365 3903 738 1388 456 122 68 4962 2147 137 243 9572 63 1351 298 432 5724 782 666 58 248 1669 48 216 8911 86 4510 995 510 3248 2116 1290
71 881 161 66 327 89 169 306 77 5447 105 2360 651 86 1867 1272 165 113 1697 523 8019 551 360 809 6668 82 1090 308 634 534 2168 4131 2477 227 735 4044 2492 299 408 439 2238 977 138 155 1290
72 6082 44 84 650 123 543 2614 3591 184 536 3215 222 1408 1483 131 1019 397 201 914 231 4497 9542 1215 4594 5773 1300 6979 9359 50 271 948 174 785 360 502 898 3398 135 6369 625 1758 2262 159 2205 62 1988 742 3239 409 4813 156 3182 2052 98 2261 946 4335 341 8184 709 138 155 1263
73 82 3826 2741 320 703 2857 5659 3818 3166 6188 161 39 50 140 619 782 776 5124 348 74 72 574 1522 597 137 267 1307 109 41 596 46 1339 2063 118 1611 81 2703 108 1128 662 1284 112 8156 397 898 7218 146 4320 1562 1232 1114 2240 3131 1195 1122 1274 333 7798 1386 1106 5621
74 4429 79 32 2735 242 4609 7774 198 2685 8365 80 316 609 102 38 149 168 2014 5616 169 288 665 3455 1979 268 1807 89 8241 3884 5442 59 156 340 1754 109 1876 26 418 342 123 1210 8875 344 2296 132 653 3139 138 1263
75 1073 52 454 587 222 2431 503 293 2132 198 1841 5887 907 47 45 3293 210 7275 2791 2787 39 309 382 3621 489 3448 44 1604 5910 614 3033 3769 159 3052 5876 442 1437 742 768 325 2858 209 118 9906 60 1628 401 99 2654 8734 1290
76 0 1 2 8 4 5 3 7 9 6 2060 27 16 14 22 900 867 10 63 30 869 11 121 28 155 17 12 13 18 24 21 19 3992 8095 6402 26 112 15 50 145 104 39 184 35 3408 199 148 62 332 157 23 88 44 999 138 708
77 90 8466 76 144 207 372 653 243 5286 896 1395 5582 103 52 899 3160 75 5848 50 299 184 59 447 2942 9710 1593 235 342 331 3884 6745 135 2258 301 501 254 2533 533 81 720 92 48 161 330 776 1549 8733 2378 273 5872 71 123 244 56 1122 138 1290
78 390 117 356 94 245 178 1840 1613 183 66 1185 805 261 292 2810 188 4063 680 1591 186 2145 5558 1801 269 59 3006 4167 230 352 9915 4452 1600 361 388 75 370 3014 172 2981 67 878 2858 355 138 155 1263
79 0 1 2 3 7 5 8 4 11 6 14 9 15 28 23 19 27 13 10 16 18 35 72 21 485 152 30 98 199 87 44 25 71 58 26 50 206 57 17 53 96 41 968 545 9514 138 1290
80 542 2168 9335 316 1195 1321 1584 149 1152 422 7373 948 185 1174 659 726 971 990 1153 7908 88 127 9947 151 1862 1911 104 98 611 553 1012 61 214 641 1497 129 227 4858 390 4241 128 1168 747 9678 3281 162 534 6565 1256 218 1626 112 3135 1454 8 2780 1263
81 300 2819 727 152 1008 259 235 4157 113 1151 146 2185 632 375 8993 258 881 1783 681 372 178 8992 196 147 764 53 133 7708 1223 3458 209 72 93 1031 1627 132 120 735 1750 824 76 67 3631 128 282 737 144 81 168 1017 1135 145 708
82 82 49 585 1437 389 161 77 163 1606 43 451 2371 277 207 1227 99 3471 112 1546 677 73 6467 1996 2685 165 175 2114 2741 1287 2592 879 299 5971 211 679 496 7433 52 1016 9294 85 7975 3493 4291 1691 40 143 8643 3211 2492 1930 138 155 1263
83 501 7315 130 134 561 151 6005 2296 124 2552 67 1420 737 387 1350 234 85 319 278 31 4704 589 179 970 663 162 168 181 3175 126 779 195 28 89 1332 1352 210 1843 9710 637 138 554 708
84 86 9047 51 4266 36 2701 1256 487 53 5725 914 168 171 2126 123 817 125 204 940 482 117 140 58 47 8702 96 1343 1575 1524 3412 49 1745 145 94 3008 26 40 48 594 198 143 132 5084 158 3140 102 159 6523 289 9346 1233 2849 587 4432 120
85 909 3071 715 9086 850 384 5605 636 8703 3024 1757 7876 1398 240 45 1052 5641 238 1295 983 47 3410 3569 249 1137 231 3158 609 1344 516 1667 626 2652 615 587 2730 363 574 409 3319 458 106 56 44 938 403 59 80 513 970 119 253 2397 329 4985 1756 422 6787 1393 583 355 1290
86 60 33 161 34 145 178 61 277 100 1756 7584 267 1734 36 67 32 164 97 5350 227 12 538 599 158 90 782 81 6087 96 40 51 2019 1896 146 75 52 372 8978 1023 5773 180 68 166 4258 121 62 316 3057 1184 138 1290
87 5448 3160 316 231 281 663 909 882 3053 2825 110 1799 426 789 624 251 39 159 2526 49 377 3489 1073 995 56 116 625 451 1725 2334 4460 180 331 4040 4589 104 6915 7013 177 186 949 91 632 2045 122 6045 4738 109 2978 442 7234 977 708
88 158 655 157 1189 31 410 210 72 92 130 79 679 90 309 330 4829 720 48 1452 54 83 4329 146 183 896 2020 3977 3879 829 6160 715 2212 1027 660 34 459 1110 3299 331 449 238 803 250 480 278 7734 201 7481 282 714 796 216 290 2073 138 708
89 233 131 156 79 3137 1757 24 4618 89 1340 159 348 636 107 726 1601 37 596 66 424 240 126 625 256 102 47 3526 272 4537 553 22 76 157 112 93 218 594 48 353 500 436 268 841 210 45 4962 245 484 138 554 708 1290
90 638 218 1223 232 424 198 88 140 141 33 6362 98 100 2169 1260 108 42 76 2047 388 2158 36 129 2322 310 287 2683 1704 59 4408 1027 143 3286 288 663 5448 1768 1959 445 432 907 115 510 9358 751 2148 138 708
91 47 1221 7600 1599 1522 228 2972 1629 8992 111 2020 739 5850 825 2654 9127 901 1119 843 8438 647 4370 1227 3003 983 4581 202 881 4289 644 4962 183 452 1298 7167 211 244 101 7607 375 209 1091 2033 3066 374 339 327 5275 962 5664 138 554 1263
92 611 459 1541 397 179 36 33 123 257 1862 5136 205 119 128 339 46 1702 188 975 192 42 1558 2509 1456 1884 130 388 2738 1137 273 75 2372 717 777 497 552 132 2840 1847 915 138 554 1263
93 585 99 2285 406 597 276 1936 122 1481 90 233 845 418 434 8465 1797 1080 2905 150 60 310 40 3718 1686 2205 1155 2509 1736 68 403 244 866 885 153 5902 207 915 957 1225 1263
94 68 170 1000 8492 5483 42 91 5626 103 1344 830 4425 619 3428 262 325 861 2576 321 6785 612 2360 189 978 1001 3398 7590 557 7971 743 697 4625 663 402 2965 5447 206 572 5909 171 374 4857 946 218 243 156 2882 5603
95 1564 662 140 3441 929 9039 7081 5390 55 211 9017 381 6913 813 2670 3689 3995 8901 433 3199 8243 47 1183 214 1575 1863 941 2138 5516 1623 9464 200 4791 311 390 2820 2088 402 2668 1707 334 321 6951 7287 395 240 3654 638 3056 7173 3774 9365 3198
96 301 108 9572 74 455 391 824 87 205 1001 715 1361 778 219 979 504 156 542 94 4632 189 3082 147 102 125 70 1270 96 3378 1429 212 99 2000 1568 1862 224 76 271 1607 170 206 3141 59 362 383 5720 273 355 138 554 708
97 0 2 1 8 3 9 4 6 5 7 14 21 5381 15 12 138 6102 13 5276 28 4142 69 22 27 10 11 19 426 23 329 16 4301 72 20 9691 103 140 92 57 120 126 34 39 86 18 26 1434 168 63 9630 46 4266 65 78 1200 6379 355 554 1290
98 0 1 2 8 9 5 11 3 3097 6 7 4 27 14 15 19 10 12 62 18 20 44 69 26 72 41 410 38 139 17 121 16 120 58 52 2148 82 236 40 55 35 21 56 25 23 5394 915 24 157 797 2039 621 138 155 1290
99 3008 252 280 23 39 70 2504 30 55 21 22 56 4397 1734 166 249 1052 94 7454 101 76 6141 4487 48 1352 91 459 135 45 175 6385 8707 82 8270 915 1320 1541 609 9447 47 125 1093 198 184 105 4818 1793 46 7218 93 1989 42 98 211 881 1437 138 554 708 1290
